2023-02-17 02:00:32.973 [Thread-12] INFO  o.s.scheduling.concurrent.ThreadPoolTaskExecutor - Shutting down ExecutorService 'applicationTaskExecutor'
2023-02-17 02:00:32.996 [Thread-12] INFO  com.zaxxer.hikari.HikariDataSource - HikariPool-1 - Shutdown initiated...
2023-02-17 02:00:33.011 [Thread-12] INFO  com.zaxxer.hikari.HikariDataSource - HikariPool-1 - Shutdown completed.
2023-02-19 15:52:34.015 [restartedMain] INFO  com.chy.yygh.hosp.ServiceHospApplication - Starting ServiceHospApplication on LAPTOP-P9HIVC5F with PID 18272 (started by hp in E:\崔洪源\1.java\项目\代码\Microservice-learning-01-shangyitong)
2023-02-19 15:52:34.016 [restartedMain] INFO  com.chy.yygh.hosp.ServiceHospApplication - The following profiles are active: dev
2023-02-19 15:52:34.078 [restartedMain] INFO  o.s.boot.devtools.restart.ChangeableUrls - The Class-Path manifest attribute in D:\Maven\apache-maven-3.8.2\localRepository\org\glassfish\jaxb\jaxb-runtime\2.3.2\jaxb-runtime-2.3.2.jar referenced one or more files that do not exist: file:/D:/Maven/apache-maven-3.8.2/localRepository/org/glassfish/jaxb/jaxb-runtime/2.3.2/jakarta.xml.bind-api-2.3.2.jar,file:/D:/Maven/apache-maven-3.8.2/localRepository/org/glassfish/jaxb/jaxb-runtime/2.3.2/txw2-2.3.2.jar,file:/D:/Maven/apache-maven-3.8.2/localRepository/org/glassfish/jaxb/jaxb-runtime/2.3.2/istack-commons-runtime-3.0.8.jar,file:/D:/Maven/apache-maven-3.8.2/localRepository/org/glassfish/jaxb/jaxb-runtime/2.3.2/stax-ex-1.8.1.jar,file:/D:/Maven/apache-maven-3.8.2/localRepository/org/glassfish/jaxb/jaxb-runtime/2.3.2/FastInfoset-1.2.16.jar,file:/D:/Maven/apache-maven-3.8.2/localRepository/org/glassfish/jaxb/jaxb-runtime/2.3.2/jakarta.activation-api-1.2.1.jar
2023-02-19 15:52:34.078 [restartedMain] INFO  o.s.boot.devtools.restart.ChangeableUrls - The Class-Path manifest attribute in D:\Maven\apache-maven-3.8.2\localRepository\com\sun\xml\bind\jaxb-impl\2.1\jaxb-impl-2.1.jar referenced one or more files that do not exist: file:/D:/Maven/apache-maven-3.8.2/localRepository/com/sun/xml/bind/jaxb-impl/2.1/jaxb-api.jar,file:/D:/Maven/apache-maven-3.8.2/localRepository/com/sun/xml/bind/jaxb-impl/2.1/activation.jar,file:/D:/Maven/apache-maven-3.8.2/localRepository/com/sun/xml/bind/jaxb-impl/2.1/jsr173_1.0_api.jar,file:/D:/Maven/apache-maven-3.8.2/localRepository/com/sun/xml/bind/jaxb-impl/2.1/jaxb1-impl.jar
2023-02-19 15:52:34.079 [restartedMain] INFO  o.s.b.d.env.DevToolsPropertyDefaultsPostProcessor - Devtools property defaults active! Set 'spring.devtools.add-properties' to 'false' to disable
2023-02-19 15:52:34.079 [restartedMain] INFO  o.s.b.d.env.DevToolsPropertyDefaultsPostProcessor - For additional web related logging consider setting the 'logging.level.web' property to 'DEBUG'
2023-02-19 15:52:35.087 [restartedMain] INFO  o.s.d.r.config.RepositoryConfigurationDelegate - Multiple Spring Data modules found, entering strict repository configuration mode!
2023-02-19 15:52:35.089 [restartedMain] INFO  o.s.d.r.config.RepositoryConfigurationDelegate - Bootstrapping Spring Data repositories in DEFAULT mode.
2023-02-19 15:52:35.114 [restartedMain] INFO  o.s.d.r.config.RepositoryConfigurationDelegate - Finished Spring Data repository scanning in 13ms. Found 0 repository interfaces.
2023-02-19 15:52:35.421 [restartedMain] INFO  o.s.c.s.PostProcessorRegistrationDelegate$BeanPostProcessorChecker - Bean 'org.springframework.transaction.annotation.ProxyTransactionManagementConfiguration' of type [org.springframework.transaction.annotation.ProxyTransactionManagementConfiguration] is not eligible for getting processed by all BeanPostProcessors (for example: not eligible for auto-proxying)
2023-02-19 15:52:35.719 [restartedMain] INFO  o.s.boot.web.embedded.tomcat.TomcatWebServer - Tomcat initialized with port(s): 8201 (http)
2023-02-19 15:52:35.727 [restartedMain] INFO  org.apache.coyote.http11.Http11NioProtocol - Initializing ProtocolHandler ["http-nio-8201"]
2023-02-19 15:52:35.728 [restartedMain] INFO  org.apache.catalina.core.StandardService - Starting service [Tomcat]
2023-02-19 15:52:35.728 [restartedMain] INFO  org.apache.catalina.core.StandardEngine - Starting Servlet engine: [Apache Tomcat/9.0.27]
2023-02-19 15:52:35.831 [restartedMain] INFO  o.a.c.core.ContainerBase.[Tomcat].[localhost].[/] - Initializing Spring embedded WebApplicationContext
2023-02-19 15:52:35.831 [restartedMain] INFO  org.springframework.web.context.ContextLoader - Root WebApplicationContext: initialization completed in 1752 ms
2023-02-19 15:52:37.087 [restartedMain] INFO  s.d.s.w.PropertySourcedRequestMappingHandlerMapping - Mapped URL path [/v2/api-docs] onto method [springfox.documentation.swagger2.web.Swagger2Controller#getDocumentation(String, HttpServletRequest)]
2023-02-19 15:52:37.202 [restartedMain] INFO  o.s.scheduling.concurrent.ThreadPoolTaskExecutor - Initializing ExecutorService 'applicationTaskExecutor'
2023-02-19 15:52:37.484 [restartedMain] INFO  s.d.s.web.plugins.DocumentationPluginsBootstrapper - Context refreshed
2023-02-19 15:52:37.498 [restartedMain] INFO  s.d.s.web.plugins.DocumentationPluginsBootstrapper - Found 2 custom documentation plugin(s)
2023-02-19 15:52:37.524 [restartedMain] INFO  s.d.spring.web.scanners.ApiListingReferenceScanner - Scanning for api listing references
2023-02-19 15:52:37.660 [restartedMain] INFO  s.d.s.w.r.operation.CachingOperationNameGenerator - Generating unique operation named: lockHospitalSetUsingPUT_1
2023-02-19 15:52:37.711 [restartedMain] INFO  s.d.spring.web.scanners.ApiListingReferenceScanner - Scanning for api listing references
2023-02-19 15:52:37.721 [restartedMain] INFO  org.apache.coyote.http11.Http11NioProtocol - Starting ProtocolHandler ["http-nio-8201"]
2023-02-19 15:52:37.745 [restartedMain] INFO  o.s.boot.web.embedded.tomcat.TomcatWebServer - Tomcat started on port(s): 8201 (http) with context path ''
2023-02-19 15:52:37.748 [restartedMain] INFO  com.chy.yygh.hosp.ServiceHospApplication - Started ServiceHospApplication in 4.257 seconds (JVM running for 5.665)
2023-02-19 15:53:12.991 [http-nio-8201-exec-1] INFO  o.a.c.core.ContainerBase.[Tomcat].[localhost].[/] - Initializing Spring DispatcherServlet 'dispatcherServlet'
2023-02-19 15:53:12.993 [http-nio-8201-exec-1] INFO  org.springframework.web.servlet.DispatcherServlet - Initializing Servlet 'dispatcherServlet'
2023-02-19 15:53:12.998 [http-nio-8201-exec-1] INFO  org.springframework.web.servlet.DispatcherServlet - Completed initialization in 5 ms
2023-02-19 15:53:13.129 [http-nio-8201-exec-1] INFO  com.zaxxer.hikari.HikariDataSource - HikariPool-1 - Starting...
2023-02-19 15:53:13.245 [http-nio-8201-exec-1] INFO  com.zaxxer.hikari.HikariDataSource - HikariPool-1 - Start completed.
2023-02-19 15:53:53.267 [restartedMain] INFO  com.chy.yygh.hosp.ServiceHospApplication - Starting ServiceHospApplication on LAPTOP-P9HIVC5F with PID 20168 (started by hp in E:\崔洪源\1.java\项目\代码\Microservice-learning-01-shangyitong)
2023-02-19 15:53:53.269 [restartedMain] INFO  com.chy.yygh.hosp.ServiceHospApplication - The following profiles are active: dev
2023-02-19 15:53:53.329 [restartedMain] INFO  o.s.boot.devtools.restart.ChangeableUrls - The Class-Path manifest attribute in D:\Maven\apache-maven-3.8.2\localRepository\org\glassfish\jaxb\jaxb-runtime\2.3.2\jaxb-runtime-2.3.2.jar referenced one or more files that do not exist: file:/D:/Maven/apache-maven-3.8.2/localRepository/org/glassfish/jaxb/jaxb-runtime/2.3.2/jakarta.xml.bind-api-2.3.2.jar,file:/D:/Maven/apache-maven-3.8.2/localRepository/org/glassfish/jaxb/jaxb-runtime/2.3.2/txw2-2.3.2.jar,file:/D:/Maven/apache-maven-3.8.2/localRepository/org/glassfish/jaxb/jaxb-runtime/2.3.2/istack-commons-runtime-3.0.8.jar,file:/D:/Maven/apache-maven-3.8.2/localRepository/org/glassfish/jaxb/jaxb-runtime/2.3.2/stax-ex-1.8.1.jar,file:/D:/Maven/apache-maven-3.8.2/localRepository/org/glassfish/jaxb/jaxb-runtime/2.3.2/FastInfoset-1.2.16.jar,file:/D:/Maven/apache-maven-3.8.2/localRepository/org/glassfish/jaxb/jaxb-runtime/2.3.2/jakarta.activation-api-1.2.1.jar
2023-02-19 15:53:53.329 [restartedMain] INFO  o.s.boot.devtools.restart.ChangeableUrls - The Class-Path manifest attribute in D:\Maven\apache-maven-3.8.2\localRepository\com\sun\xml\bind\jaxb-impl\2.1\jaxb-impl-2.1.jar referenced one or more files that do not exist: file:/D:/Maven/apache-maven-3.8.2/localRepository/com/sun/xml/bind/jaxb-impl/2.1/jaxb-api.jar,file:/D:/Maven/apache-maven-3.8.2/localRepository/com/sun/xml/bind/jaxb-impl/2.1/activation.jar,file:/D:/Maven/apache-maven-3.8.2/localRepository/com/sun/xml/bind/jaxb-impl/2.1/jsr173_1.0_api.jar,file:/D:/Maven/apache-maven-3.8.2/localRepository/com/sun/xml/bind/jaxb-impl/2.1/jaxb1-impl.jar
2023-02-19 15:53:53.329 [restartedMain] INFO  o.s.b.d.env.DevToolsPropertyDefaultsPostProcessor - Devtools property defaults active! Set 'spring.devtools.add-properties' to 'false' to disable
2023-02-19 15:53:53.329 [restartedMain] INFO  o.s.b.d.env.DevToolsPropertyDefaultsPostProcessor - For additional web related logging consider setting the 'logging.level.web' property to 'DEBUG'
2023-02-19 15:53:54.046 [restartedMain] INFO  o.s.d.r.config.RepositoryConfigurationDelegate - Multiple Spring Data modules found, entering strict repository configuration mode!
2023-02-19 15:53:54.047 [restartedMain] INFO  o.s.d.r.config.RepositoryConfigurationDelegate - Bootstrapping Spring Data repositories in DEFAULT mode.
2023-02-19 15:53:54.066 [restartedMain] INFO  o.s.d.r.config.RepositoryConfigurationDelegate - Finished Spring Data repository scanning in 9ms. Found 0 repository interfaces.
2023-02-19 15:53:54.287 [restartedMain] INFO  o.s.c.s.PostProcessorRegistrationDelegate$BeanPostProcessorChecker - Bean 'org.springframework.transaction.annotation.ProxyTransactionManagementConfiguration' of type [org.springframework.transaction.annotation.ProxyTransactionManagementConfiguration] is not eligible for getting processed by all BeanPostProcessors (for example: not eligible for auto-proxying)
2023-02-19 15:53:54.542 [restartedMain] INFO  o.s.boot.web.embedded.tomcat.TomcatWebServer - Tomcat initialized with port(s): 8201 (http)
2023-02-19 15:53:54.548 [restartedMain] INFO  org.apache.coyote.http11.Http11NioProtocol - Initializing ProtocolHandler ["http-nio-8201"]
2023-02-19 15:53:54.548 [restartedMain] INFO  org.apache.catalina.core.StandardService - Starting service [Tomcat]
2023-02-19 15:53:54.549 [restartedMain] INFO  org.apache.catalina.core.StandardEngine - Starting Servlet engine: [Apache Tomcat/9.0.27]
2023-02-19 15:53:54.629 [restartedMain] INFO  o.a.c.core.ContainerBase.[Tomcat].[localhost].[/] - Initializing Spring embedded WebApplicationContext
2023-02-19 15:53:54.629 [restartedMain] INFO  org.springframework.web.context.ContextLoader - Root WebApplicationContext: initialization completed in 1300 ms
2023-02-19 15:53:56.087 [restartedMain] INFO  s.d.s.w.PropertySourcedRequestMappingHandlerMapping - Mapped URL path [/v2/api-docs] onto method [springfox.documentation.swagger2.web.Swagger2Controller#getDocumentation(String, HttpServletRequest)]
2023-02-19 15:53:56.217 [restartedMain] INFO  o.s.scheduling.concurrent.ThreadPoolTaskExecutor - Initializing ExecutorService 'applicationTaskExecutor'
2023-02-19 15:53:56.491 [restartedMain] INFO  s.d.s.web.plugins.DocumentationPluginsBootstrapper - Context refreshed
2023-02-19 15:53:56.506 [restartedMain] INFO  s.d.s.web.plugins.DocumentationPluginsBootstrapper - Found 2 custom documentation plugin(s)
2023-02-19 15:53:56.540 [restartedMain] INFO  s.d.spring.web.scanners.ApiListingReferenceScanner - Scanning for api listing references
2023-02-19 15:53:56.678 [restartedMain] INFO  s.d.s.w.r.operation.CachingOperationNameGenerator - Generating unique operation named: lockHospitalSetUsingPUT_1
2023-02-19 15:53:56.716 [restartedMain] INFO  s.d.spring.web.scanners.ApiListingReferenceScanner - Scanning for api listing references
2023-02-19 15:53:56.725 [restartedMain] INFO  org.apache.coyote.http11.Http11NioProtocol - Starting ProtocolHandler ["http-nio-8201"]
2023-02-19 15:53:56.743 [restartedMain] INFO  o.s.boot.web.embedded.tomcat.TomcatWebServer - Tomcat started on port(s): 8201 (http) with context path ''
2023-02-19 15:53:56.746 [restartedMain] INFO  com.chy.yygh.hosp.ServiceHospApplication - Started ServiceHospApplication in 3.892 seconds (JVM running for 4.85)
2023-02-19 15:56:12.188 [restartedMain] INFO  com.chy.yygh.hosp.ServiceHospApplication - Starting ServiceHospApplication on LAPTOP-P9HIVC5F with PID 7892 (started by hp in E:\崔洪源\1.java\项目\代码\Microservice-learning-01-shangyitong)
2023-02-19 15:56:12.189 [restartedMain] INFO  com.chy.yygh.hosp.ServiceHospApplication - The following profiles are active: dev
2023-02-19 15:56:12.253 [restartedMain] INFO  o.s.boot.devtools.restart.ChangeableUrls - The Class-Path manifest attribute in D:\Maven\apache-maven-3.8.2\localRepository\org\glassfish\jaxb\jaxb-runtime\2.3.2\jaxb-runtime-2.3.2.jar referenced one or more files that do not exist: file:/D:/Maven/apache-maven-3.8.2/localRepository/org/glassfish/jaxb/jaxb-runtime/2.3.2/jakarta.xml.bind-api-2.3.2.jar,file:/D:/Maven/apache-maven-3.8.2/localRepository/org/glassfish/jaxb/jaxb-runtime/2.3.2/txw2-2.3.2.jar,file:/D:/Maven/apache-maven-3.8.2/localRepository/org/glassfish/jaxb/jaxb-runtime/2.3.2/istack-commons-runtime-3.0.8.jar,file:/D:/Maven/apache-maven-3.8.2/localRepository/org/glassfish/jaxb/jaxb-runtime/2.3.2/stax-ex-1.8.1.jar,file:/D:/Maven/apache-maven-3.8.2/localRepository/org/glassfish/jaxb/jaxb-runtime/2.3.2/FastInfoset-1.2.16.jar,file:/D:/Maven/apache-maven-3.8.2/localRepository/org/glassfish/jaxb/jaxb-runtime/2.3.2/jakarta.activation-api-1.2.1.jar
2023-02-19 15:56:12.254 [restartedMain] INFO  o.s.boot.devtools.restart.ChangeableUrls - The Class-Path manifest attribute in D:\Maven\apache-maven-3.8.2\localRepository\com\sun\xml\bind\jaxb-impl\2.1\jaxb-impl-2.1.jar referenced one or more files that do not exist: file:/D:/Maven/apache-maven-3.8.2/localRepository/com/sun/xml/bind/jaxb-impl/2.1/jaxb-api.jar,file:/D:/Maven/apache-maven-3.8.2/localRepository/com/sun/xml/bind/jaxb-impl/2.1/activation.jar,file:/D:/Maven/apache-maven-3.8.2/localRepository/com/sun/xml/bind/jaxb-impl/2.1/jsr173_1.0_api.jar,file:/D:/Maven/apache-maven-3.8.2/localRepository/com/sun/xml/bind/jaxb-impl/2.1/jaxb1-impl.jar
2023-02-19 15:56:12.254 [restartedMain] INFO  o.s.b.d.env.DevToolsPropertyDefaultsPostProcessor - Devtools property defaults active! Set 'spring.devtools.add-properties' to 'false' to disable
2023-02-19 15:56:12.254 [restartedMain] INFO  o.s.b.d.env.DevToolsPropertyDefaultsPostProcessor - For additional web related logging consider setting the 'logging.level.web' property to 'DEBUG'
2023-02-19 15:56:13.078 [restartedMain] INFO  o.s.d.r.config.RepositoryConfigurationDelegate - Multiple Spring Data modules found, entering strict repository configuration mode!
2023-02-19 15:56:13.080 [restartedMain] INFO  o.s.d.r.config.RepositoryConfigurationDelegate - Bootstrapping Spring Data repositories in DEFAULT mode.
2023-02-19 15:56:13.102 [restartedMain] INFO  o.s.d.r.config.RepositoryConfigurationDelegate - Finished Spring Data repository scanning in 10ms. Found 0 repository interfaces.
2023-02-19 15:56:13.395 [restartedMain] INFO  o.s.c.s.PostProcessorRegistrationDelegate$BeanPostProcessorChecker - Bean 'org.springframework.transaction.annotation.ProxyTransactionManagementConfiguration' of type [org.springframework.transaction.annotation.ProxyTransactionManagementConfiguration] is not eligible for getting processed by all BeanPostProcessors (for example: not eligible for auto-proxying)
2023-02-19 15:56:13.699 [restartedMain] INFO  o.s.boot.web.embedded.tomcat.TomcatWebServer - Tomcat initialized with port(s): 8201 (http)
2023-02-19 15:56:13.705 [restartedMain] INFO  org.apache.coyote.http11.Http11NioProtocol - Initializing ProtocolHandler ["http-nio-8201"]
2023-02-19 15:56:13.706 [restartedMain] INFO  org.apache.catalina.core.StandardService - Starting service [Tomcat]
2023-02-19 15:56:13.706 [restartedMain] INFO  org.apache.catalina.core.StandardEngine - Starting Servlet engine: [Apache Tomcat/9.0.27]
2023-02-19 15:56:13.784 [restartedMain] INFO  o.a.c.core.ContainerBase.[Tomcat].[localhost].[/] - Initializing Spring embedded WebApplicationContext
2023-02-19 15:56:13.784 [restartedMain] INFO  org.springframework.web.context.ContextLoader - Root WebApplicationContext: initialization completed in 1529 ms
2023-02-19 15:56:15.122 [restartedMain] INFO  s.d.s.w.PropertySourcedRequestMappingHandlerMapping - Mapped URL path [/v2/api-docs] onto method [springfox.documentation.swagger2.web.Swagger2Controller#getDocumentation(String, HttpServletRequest)]
2023-02-19 15:56:15.212 [restartedMain] INFO  o.s.scheduling.concurrent.ThreadPoolTaskExecutor - Initializing ExecutorService 'applicationTaskExecutor'
2023-02-19 15:56:15.459 [restartedMain] INFO  s.d.s.web.plugins.DocumentationPluginsBootstrapper - Context refreshed
2023-02-19 15:56:15.471 [restartedMain] INFO  s.d.s.web.plugins.DocumentationPluginsBootstrapper - Found 2 custom documentation plugin(s)
2023-02-19 15:56:15.498 [restartedMain] INFO  s.d.spring.web.scanners.ApiListingReferenceScanner - Scanning for api listing references
2023-02-19 15:56:15.619 [restartedMain] INFO  s.d.s.w.r.operation.CachingOperationNameGenerator - Generating unique operation named: lockHospitalSetUsingPUT_1
2023-02-19 15:56:15.645 [restartedMain] INFO  s.d.spring.web.scanners.ApiListingReferenceScanner - Scanning for api listing references
2023-02-19 15:56:15.651 [restartedMain] INFO  org.apache.coyote.http11.Http11NioProtocol - Starting ProtocolHandler ["http-nio-8201"]
2023-02-19 15:56:15.668 [restartedMain] INFO  o.s.boot.web.embedded.tomcat.TomcatWebServer - Tomcat started on port(s): 8201 (http) with context path ''
2023-02-19 15:56:15.671 [restartedMain] INFO  com.chy.yygh.hosp.ServiceHospApplication - Started ServiceHospApplication in 3.916 seconds (JVM running for 4.955)
2023-02-19 16:50:26.791 [restartedMain] INFO  com.chy.yygh.hosp.ServiceHospApplication - Starting ServiceHospApplication on LAPTOP-P9HIVC5F with PID 20548 (started by hp in E:\崔洪源\1.java\项目\代码\Microservice-learning-01-shangyitong)
2023-02-19 16:50:26.792 [restartedMain] INFO  com.chy.yygh.hosp.ServiceHospApplication - The following profiles are active: dev
2023-02-19 16:50:26.851 [restartedMain] INFO  o.s.boot.devtools.restart.ChangeableUrls - The Class-Path manifest attribute in D:\Maven\apache-maven-3.8.2\localRepository\org\glassfish\jaxb\jaxb-runtime\2.3.2\jaxb-runtime-2.3.2.jar referenced one or more files that do not exist: file:/D:/Maven/apache-maven-3.8.2/localRepository/org/glassfish/jaxb/jaxb-runtime/2.3.2/jakarta.xml.bind-api-2.3.2.jar,file:/D:/Maven/apache-maven-3.8.2/localRepository/org/glassfish/jaxb/jaxb-runtime/2.3.2/txw2-2.3.2.jar,file:/D:/Maven/apache-maven-3.8.2/localRepository/org/glassfish/jaxb/jaxb-runtime/2.3.2/istack-commons-runtime-3.0.8.jar,file:/D:/Maven/apache-maven-3.8.2/localRepository/org/glassfish/jaxb/jaxb-runtime/2.3.2/stax-ex-1.8.1.jar,file:/D:/Maven/apache-maven-3.8.2/localRepository/org/glassfish/jaxb/jaxb-runtime/2.3.2/FastInfoset-1.2.16.jar,file:/D:/Maven/apache-maven-3.8.2/localRepository/org/glassfish/jaxb/jaxb-runtime/2.3.2/jakarta.activation-api-1.2.1.jar
2023-02-19 16:50:26.851 [restartedMain] INFO  o.s.boot.devtools.restart.ChangeableUrls - The Class-Path manifest attribute in D:\Maven\apache-maven-3.8.2\localRepository\com\sun\xml\bind\jaxb-impl\2.1\jaxb-impl-2.1.jar referenced one or more files that do not exist: file:/D:/Maven/apache-maven-3.8.2/localRepository/com/sun/xml/bind/jaxb-impl/2.1/jaxb-api.jar,file:/D:/Maven/apache-maven-3.8.2/localRepository/com/sun/xml/bind/jaxb-impl/2.1/activation.jar,file:/D:/Maven/apache-maven-3.8.2/localRepository/com/sun/xml/bind/jaxb-impl/2.1/jsr173_1.0_api.jar,file:/D:/Maven/apache-maven-3.8.2/localRepository/com/sun/xml/bind/jaxb-impl/2.1/jaxb1-impl.jar
2023-02-19 16:50:26.851 [restartedMain] INFO  o.s.b.d.env.DevToolsPropertyDefaultsPostProcessor - Devtools property defaults active! Set 'spring.devtools.add-properties' to 'false' to disable
2023-02-19 16:50:26.852 [restartedMain] INFO  o.s.b.d.env.DevToolsPropertyDefaultsPostProcessor - For additional web related logging consider setting the 'logging.level.web' property to 'DEBUG'
2023-02-19 16:50:27.581 [restartedMain] INFO  o.s.d.r.config.RepositoryConfigurationDelegate - Multiple Spring Data modules found, entering strict repository configuration mode!
2023-02-19 16:50:27.583 [restartedMain] INFO  o.s.d.r.config.RepositoryConfigurationDelegate - Bootstrapping Spring Data repositories in DEFAULT mode.
2023-02-19 16:50:27.602 [restartedMain] INFO  o.s.d.r.config.RepositoryConfigurationDelegate - Finished Spring Data repository scanning in 11ms. Found 0 repository interfaces.
2023-02-19 16:50:27.920 [restartedMain] INFO  o.s.c.s.PostProcessorRegistrationDelegate$BeanPostProcessorChecker - Bean 'org.springframework.transaction.annotation.ProxyTransactionManagementConfiguration' of type [org.springframework.transaction.annotation.ProxyTransactionManagementConfiguration] is not eligible for getting processed by all BeanPostProcessors (for example: not eligible for auto-proxying)
2023-02-19 16:50:28.229 [restartedMain] INFO  o.s.boot.web.embedded.tomcat.TomcatWebServer - Tomcat initialized with port(s): 8201 (http)
2023-02-19 16:50:28.235 [restartedMain] INFO  org.apache.coyote.http11.Http11NioProtocol - Initializing ProtocolHandler ["http-nio-8201"]
2023-02-19 16:50:28.236 [restartedMain] INFO  org.apache.catalina.core.StandardService - Starting service [Tomcat]
2023-02-19 16:50:28.236 [restartedMain] INFO  org.apache.catalina.core.StandardEngine - Starting Servlet engine: [Apache Tomcat/9.0.27]
2023-02-19 16:50:28.311 [restartedMain] INFO  o.a.c.core.ContainerBase.[Tomcat].[localhost].[/] - Initializing Spring embedded WebApplicationContext
2023-02-19 16:50:28.312 [restartedMain] INFO  org.springframework.web.context.ContextLoader - Root WebApplicationContext: initialization completed in 1460 ms
2023-02-19 16:50:29.505 [restartedMain] INFO  s.d.s.w.PropertySourcedRequestMappingHandlerMapping - Mapped URL path [/v2/api-docs] onto method [springfox.documentation.swagger2.web.Swagger2Controller#getDocumentation(String, HttpServletRequest)]
2023-02-19 16:50:29.586 [restartedMain] INFO  o.s.scheduling.concurrent.ThreadPoolTaskExecutor - Initializing ExecutorService 'applicationTaskExecutor'
2023-02-19 16:50:29.837 [restartedMain] INFO  s.d.s.web.plugins.DocumentationPluginsBootstrapper - Context refreshed
2023-02-19 16:50:29.849 [restartedMain] INFO  s.d.s.web.plugins.DocumentationPluginsBootstrapper - Found 2 custom documentation plugin(s)
2023-02-19 16:50:29.874 [restartedMain] INFO  s.d.spring.web.scanners.ApiListingReferenceScanner - Scanning for api listing references
2023-02-19 16:50:29.982 [restartedMain] INFO  s.d.s.w.r.operation.CachingOperationNameGenerator - Generating unique operation named: lockHospitalSetUsingPUT_1
2023-02-19 16:50:30.012 [restartedMain] INFO  s.d.spring.web.scanners.ApiListingReferenceScanner - Scanning for api listing references
2023-02-19 16:50:30.018 [restartedMain] INFO  org.apache.coyote.http11.Http11NioProtocol - Starting ProtocolHandler ["http-nio-8201"]
2023-02-19 16:50:30.035 [restartedMain] INFO  o.s.boot.web.embedded.tomcat.TomcatWebServer - Tomcat started on port(s): 8201 (http) with context path ''
2023-02-19 16:50:30.037 [restartedMain] INFO  com.chy.yygh.hosp.ServiceHospApplication - Started ServiceHospApplication in 3.685 seconds (JVM running for 4.721)
2023-02-19 22:51:56.676 [restartedMain] INFO  com.chy.yygh.hosp.ServiceHospApplication - Starting ServiceHospApplication on LAPTOP-P9HIVC5F with PID 12148 (started by hp in E:\崔洪源\1.java\项目\代码\Microservice-learning-01-shangyitong)
2023-02-19 22:51:56.677 [restartedMain] INFO  com.chy.yygh.hosp.ServiceHospApplication - The following profiles are active: dev
2023-02-19 22:51:56.721 [restartedMain] INFO  o.s.boot.devtools.restart.ChangeableUrls - The Class-Path manifest attribute in D:\Maven\apache-maven-3.8.2\localRepository\org\glassfish\jaxb\jaxb-runtime\2.3.2\jaxb-runtime-2.3.2.jar referenced one or more files that do not exist: file:/D:/Maven/apache-maven-3.8.2/localRepository/org/glassfish/jaxb/jaxb-runtime/2.3.2/jakarta.xml.bind-api-2.3.2.jar,file:/D:/Maven/apache-maven-3.8.2/localRepository/org/glassfish/jaxb/jaxb-runtime/2.3.2/txw2-2.3.2.jar,file:/D:/Maven/apache-maven-3.8.2/localRepository/org/glassfish/jaxb/jaxb-runtime/2.3.2/istack-commons-runtime-3.0.8.jar,file:/D:/Maven/apache-maven-3.8.2/localRepository/org/glassfish/jaxb/jaxb-runtime/2.3.2/stax-ex-1.8.1.jar,file:/D:/Maven/apache-maven-3.8.2/localRepository/org/glassfish/jaxb/jaxb-runtime/2.3.2/FastInfoset-1.2.16.jar,file:/D:/Maven/apache-maven-3.8.2/localRepository/org/glassfish/jaxb/jaxb-runtime/2.3.2/jakarta.activation-api-1.2.1.jar
2023-02-19 22:51:56.722 [restartedMain] INFO  o.s.boot.devtools.restart.ChangeableUrls - The Class-Path manifest attribute in D:\Maven\apache-maven-3.8.2\localRepository\com\sun\xml\bind\jaxb-impl\2.1\jaxb-impl-2.1.jar referenced one or more files that do not exist: file:/D:/Maven/apache-maven-3.8.2/localRepository/com/sun/xml/bind/jaxb-impl/2.1/jaxb-api.jar,file:/D:/Maven/apache-maven-3.8.2/localRepository/com/sun/xml/bind/jaxb-impl/2.1/activation.jar,file:/D:/Maven/apache-maven-3.8.2/localRepository/com/sun/xml/bind/jaxb-impl/2.1/jsr173_1.0_api.jar,file:/D:/Maven/apache-maven-3.8.2/localRepository/com/sun/xml/bind/jaxb-impl/2.1/jaxb1-impl.jar
2023-02-19 22:51:56.722 [restartedMain] INFO  o.s.b.d.env.DevToolsPropertyDefaultsPostProcessor - Devtools property defaults active! Set 'spring.devtools.add-properties' to 'false' to disable
2023-02-19 22:51:56.722 [restartedMain] INFO  o.s.b.d.env.DevToolsPropertyDefaultsPostProcessor - For additional web related logging consider setting the 'logging.level.web' property to 'DEBUG'
2023-02-19 22:51:57.772 [restartedMain] INFO  o.s.d.r.config.RepositoryConfigurationDelegate - Multiple Spring Data modules found, entering strict repository configuration mode!
2023-02-19 22:51:57.774 [restartedMain] INFO  o.s.d.r.config.RepositoryConfigurationDelegate - Bootstrapping Spring Data repositories in DEFAULT mode.
2023-02-19 22:51:57.839 [restartedMain] INFO  o.s.d.r.config.RepositoryConfigurationDelegate - Finished Spring Data repository scanning in 59ms. Found 1 repository interfaces.
2023-02-19 22:51:57.859 [restartedMain] INFO  o.s.d.r.config.RepositoryConfigurationDelegate - Multiple Spring Data modules found, entering strict repository configuration mode!
2023-02-19 22:51:57.861 [restartedMain] INFO  o.s.d.r.config.RepositoryConfigurationDelegate - Bootstrapping Spring Data repositories in DEFAULT mode.
2023-02-19 22:51:57.874 [restartedMain] INFO  o.s.d.r.c.RepositoryConfigurationExtensionSupport - Spring Data Redis - Could not safely identify store assignment for repository candidate interface com.chy.yygh.hosp.repository.HospitalRepository. If you want this repository to be a Redis repository, consider annotating your entities with one of these annotations: org.springframework.data.redis.core.RedisHash (preferred), or consider extending one of the following types with your repository: org.springframework.data.keyvalue.repository.KeyValueRepository.
2023-02-19 22:51:57.874 [restartedMain] INFO  o.s.d.r.config.RepositoryConfigurationDelegate - Finished Spring Data repository scanning in 6ms. Found 0 repository interfaces.
2023-02-19 22:51:58.216 [restartedMain] INFO  o.s.c.s.PostProcessorRegistrationDelegate$BeanPostProcessorChecker - Bean 'org.springframework.transaction.annotation.ProxyTransactionManagementConfiguration' of type [org.springframework.transaction.annotation.ProxyTransactionManagementConfiguration] is not eligible for getting processed by all BeanPostProcessors (for example: not eligible for auto-proxying)
2023-02-19 22:51:58.585 [restartedMain] INFO  o.s.boot.web.embedded.tomcat.TomcatWebServer - Tomcat initialized with port(s): 8201 (http)
2023-02-19 22:51:58.597 [restartedMain] INFO  org.apache.coyote.http11.Http11NioProtocol - Initializing ProtocolHandler ["http-nio-8201"]
2023-02-19 22:51:58.598 [restartedMain] INFO  org.apache.catalina.core.StandardService - Starting service [Tomcat]
2023-02-19 22:51:58.598 [restartedMain] INFO  org.apache.catalina.core.StandardEngine - Starting Servlet engine: [Apache Tomcat/9.0.27]
2023-02-19 22:51:58.747 [restartedMain] INFO  o.a.c.core.ContainerBase.[Tomcat].[localhost].[/] - Initializing Spring embedded WebApplicationContext
2023-02-19 22:51:58.748 [restartedMain] INFO  org.springframework.web.context.ContextLoader - Root WebApplicationContext: initialization completed in 2025 ms
2023-02-19 22:51:59.853 [restartedMain] INFO  org.apache.catalina.core.StandardService - Stopping service [Tomcat]
2023-02-19 22:51:59.862 [restartedMain] INFO  o.s.b.a.l.ConditionEvaluationReportLoggingListener - 

Error starting ApplicationContext. To display the conditions report re-run your application with 'debug' enabled.
2023-02-19 22:54:50.465 [restartedMain] INFO  com.chy.yygh.hosp.ServiceHospApplication - Starting ServiceHospApplication on LAPTOP-P9HIVC5F with PID 20824 (started by hp in E:\崔洪源\1.java\项目\代码\Microservice-learning-01-shangyitong)
2023-02-19 22:54:50.466 [restartedMain] INFO  com.chy.yygh.hosp.ServiceHospApplication - The following profiles are active: dev
2023-02-19 22:54:50.497 [restartedMain] INFO  o.s.boot.devtools.restart.ChangeableUrls - The Class-Path manifest attribute in D:\Maven\apache-maven-3.8.2\localRepository\org\glassfish\jaxb\jaxb-runtime\2.3.2\jaxb-runtime-2.3.2.jar referenced one or more files that do not exist: file:/D:/Maven/apache-maven-3.8.2/localRepository/org/glassfish/jaxb/jaxb-runtime/2.3.2/jakarta.xml.bind-api-2.3.2.jar,file:/D:/Maven/apache-maven-3.8.2/localRepository/org/glassfish/jaxb/jaxb-runtime/2.3.2/txw2-2.3.2.jar,file:/D:/Maven/apache-maven-3.8.2/localRepository/org/glassfish/jaxb/jaxb-runtime/2.3.2/istack-commons-runtime-3.0.8.jar,file:/D:/Maven/apache-maven-3.8.2/localRepository/org/glassfish/jaxb/jaxb-runtime/2.3.2/stax-ex-1.8.1.jar,file:/D:/Maven/apache-maven-3.8.2/localRepository/org/glassfish/jaxb/jaxb-runtime/2.3.2/FastInfoset-1.2.16.jar,file:/D:/Maven/apache-maven-3.8.2/localRepository/org/glassfish/jaxb/jaxb-runtime/2.3.2/jakarta.activation-api-1.2.1.jar
2023-02-19 22:54:50.497 [restartedMain] INFO  o.s.boot.devtools.restart.ChangeableUrls - The Class-Path manifest attribute in D:\Maven\apache-maven-3.8.2\localRepository\com\sun\xml\bind\jaxb-impl\2.1\jaxb-impl-2.1.jar referenced one or more files that do not exist: file:/D:/Maven/apache-maven-3.8.2/localRepository/com/sun/xml/bind/jaxb-impl/2.1/jaxb-api.jar,file:/D:/Maven/apache-maven-3.8.2/localRepository/com/sun/xml/bind/jaxb-impl/2.1/activation.jar,file:/D:/Maven/apache-maven-3.8.2/localRepository/com/sun/xml/bind/jaxb-impl/2.1/jsr173_1.0_api.jar,file:/D:/Maven/apache-maven-3.8.2/localRepository/com/sun/xml/bind/jaxb-impl/2.1/jaxb1-impl.jar
2023-02-19 22:54:50.497 [restartedMain] INFO  o.s.b.d.env.DevToolsPropertyDefaultsPostProcessor - Devtools property defaults active! Set 'spring.devtools.add-properties' to 'false' to disable
2023-02-19 22:54:50.497 [restartedMain] INFO  o.s.b.d.env.DevToolsPropertyDefaultsPostProcessor - For additional web related logging consider setting the 'logging.level.web' property to 'DEBUG'
2023-02-19 22:54:51.275 [restartedMain] INFO  o.s.d.r.config.RepositoryConfigurationDelegate - Multiple Spring Data modules found, entering strict repository configuration mode!
2023-02-19 22:54:51.276 [restartedMain] INFO  o.s.d.r.config.RepositoryConfigurationDelegate - Bootstrapping Spring Data repositories in DEFAULT mode.
2023-02-19 22:54:51.317 [restartedMain] INFO  o.s.d.r.config.RepositoryConfigurationDelegate - Finished Spring Data repository scanning in 38ms. Found 1 repository interfaces.
2023-02-19 22:54:51.328 [restartedMain] INFO  o.s.d.r.config.RepositoryConfigurationDelegate - Multiple Spring Data modules found, entering strict repository configuration mode!
2023-02-19 22:54:51.329 [restartedMain] INFO  o.s.d.r.config.RepositoryConfigurationDelegate - Bootstrapping Spring Data repositories in DEFAULT mode.
2023-02-19 22:54:51.338 [restartedMain] INFO  o.s.d.r.c.RepositoryConfigurationExtensionSupport - Spring Data Redis - Could not safely identify store assignment for repository candidate interface com.chy.yygh.hosp.repository.HospitalRepository. If you want this repository to be a Redis repository, consider annotating your entities with one of these annotations: org.springframework.data.redis.core.RedisHash (preferred), or consider extending one of the following types with your repository: org.springframework.data.keyvalue.repository.KeyValueRepository.
2023-02-19 22:54:51.338 [restartedMain] INFO  o.s.d.r.config.RepositoryConfigurationDelegate - Finished Spring Data repository scanning in 4ms. Found 0 repository interfaces.
2023-02-19 22:54:51.572 [restartedMain] INFO  o.s.c.s.PostProcessorRegistrationDelegate$BeanPostProcessorChecker - Bean 'org.springframework.transaction.annotation.ProxyTransactionManagementConfiguration' of type [org.springframework.transaction.annotation.ProxyTransactionManagementConfiguration] is not eligible for getting processed by all BeanPostProcessors (for example: not eligible for auto-proxying)
2023-02-19 22:54:51.815 [restartedMain] INFO  o.s.boot.web.embedded.tomcat.TomcatWebServer - Tomcat initialized with port(s): 8201 (http)
2023-02-19 22:54:51.822 [restartedMain] INFO  org.apache.coyote.http11.Http11NioProtocol - Initializing ProtocolHandler ["http-nio-8201"]
2023-02-19 22:54:51.822 [restartedMain] INFO  org.apache.catalina.core.StandardService - Starting service [Tomcat]
2023-02-19 22:54:51.822 [restartedMain] INFO  org.apache.catalina.core.StandardEngine - Starting Servlet engine: [Apache Tomcat/9.0.27]
2023-02-19 22:54:51.935 [restartedMain] INFO  o.a.c.core.ContainerBase.[Tomcat].[localhost].[/] - Initializing Spring embedded WebApplicationContext
2023-02-19 22:54:51.936 [restartedMain] INFO  org.springframework.web.context.ContextLoader - Root WebApplicationContext: initialization completed in 1438 ms
2023-02-19 22:54:52.719 [restartedMain] INFO  org.apache.catalina.core.StandardService - Stopping service [Tomcat]
2023-02-19 22:54:52.727 [restartedMain] INFO  o.s.b.a.l.ConditionEvaluationReportLoggingListener - 

Error starting ApplicationContext. To display the conditions report re-run your application with 'debug' enabled.
2023-02-19 22:57:39.942 [restartedMain] INFO  com.chy.yygh.hosp.ServiceHospApplication - Starting ServiceHospApplication on LAPTOP-P9HIVC5F with PID 23040 (started by hp in E:\崔洪源\1.java\项目\代码\Microservice-learning-01-shangyitong)
2023-02-19 22:57:39.944 [restartedMain] INFO  com.chy.yygh.hosp.ServiceHospApplication - The following profiles are active: dev
2023-02-19 22:57:40.028 [restartedMain] INFO  o.s.boot.devtools.restart.ChangeableUrls - The Class-Path manifest attribute in D:\Maven\apache-maven-3.8.2\localRepository\org\glassfish\jaxb\jaxb-runtime\2.3.2\jaxb-runtime-2.3.2.jar referenced one or more files that do not exist: file:/D:/Maven/apache-maven-3.8.2/localRepository/org/glassfish/jaxb/jaxb-runtime/2.3.2/jakarta.xml.bind-api-2.3.2.jar,file:/D:/Maven/apache-maven-3.8.2/localRepository/org/glassfish/jaxb/jaxb-runtime/2.3.2/txw2-2.3.2.jar,file:/D:/Maven/apache-maven-3.8.2/localRepository/org/glassfish/jaxb/jaxb-runtime/2.3.2/istack-commons-runtime-3.0.8.jar,file:/D:/Maven/apache-maven-3.8.2/localRepository/org/glassfish/jaxb/jaxb-runtime/2.3.2/stax-ex-1.8.1.jar,file:/D:/Maven/apache-maven-3.8.2/localRepository/org/glassfish/jaxb/jaxb-runtime/2.3.2/FastInfoset-1.2.16.jar,file:/D:/Maven/apache-maven-3.8.2/localRepository/org/glassfish/jaxb/jaxb-runtime/2.3.2/jakarta.activation-api-1.2.1.jar
2023-02-19 22:57:40.028 [restartedMain] INFO  o.s.boot.devtools.restart.ChangeableUrls - The Class-Path manifest attribute in D:\Maven\apache-maven-3.8.2\localRepository\com\sun\xml\bind\jaxb-impl\2.1\jaxb-impl-2.1.jar referenced one or more files that do not exist: file:/D:/Maven/apache-maven-3.8.2/localRepository/com/sun/xml/bind/jaxb-impl/2.1/jaxb-api.jar,file:/D:/Maven/apache-maven-3.8.2/localRepository/com/sun/xml/bind/jaxb-impl/2.1/activation.jar,file:/D:/Maven/apache-maven-3.8.2/localRepository/com/sun/xml/bind/jaxb-impl/2.1/jsr173_1.0_api.jar,file:/D:/Maven/apache-maven-3.8.2/localRepository/com/sun/xml/bind/jaxb-impl/2.1/jaxb1-impl.jar
2023-02-19 22:57:40.029 [restartedMain] INFO  o.s.b.d.env.DevToolsPropertyDefaultsPostProcessor - Devtools property defaults active! Set 'spring.devtools.add-properties' to 'false' to disable
2023-02-19 22:57:40.029 [restartedMain] INFO  o.s.b.d.env.DevToolsPropertyDefaultsPostProcessor - For additional web related logging consider setting the 'logging.level.web' property to 'DEBUG'
2023-02-19 22:57:40.949 [restartedMain] INFO  o.s.d.r.config.RepositoryConfigurationDelegate - Multiple Spring Data modules found, entering strict repository configuration mode!
2023-02-19 22:57:40.950 [restartedMain] INFO  o.s.d.r.config.RepositoryConfigurationDelegate - Bootstrapping Spring Data repositories in DEFAULT mode.
2023-02-19 22:57:40.998 [restartedMain] INFO  o.s.d.r.config.RepositoryConfigurationDelegate - Finished Spring Data repository scanning in 44ms. Found 1 repository interfaces.
2023-02-19 22:57:41.011 [restartedMain] INFO  o.s.d.r.config.RepositoryConfigurationDelegate - Multiple Spring Data modules found, entering strict repository configuration mode!
2023-02-19 22:57:41.012 [restartedMain] INFO  o.s.d.r.config.RepositoryConfigurationDelegate - Bootstrapping Spring Data repositories in DEFAULT mode.
2023-02-19 22:57:41.026 [restartedMain] INFO  o.s.d.r.c.RepositoryConfigurationExtensionSupport - Spring Data Redis - Could not safely identify store assignment for repository candidate interface com.chy.yygh.hosp.repository.HospitalRepository. If you want this repository to be a Redis repository, consider annotating your entities with one of these annotations: org.springframework.data.redis.core.RedisHash (preferred), or consider extending one of the following types with your repository: org.springframework.data.keyvalue.repository.KeyValueRepository.
2023-02-19 22:57:41.027 [restartedMain] INFO  o.s.d.r.config.RepositoryConfigurationDelegate - Finished Spring Data repository scanning in 6ms. Found 0 repository interfaces.
2023-02-19 22:57:41.319 [restartedMain] INFO  o.s.c.s.PostProcessorRegistrationDelegate$BeanPostProcessorChecker - Bean 'org.springframework.transaction.annotation.ProxyTransactionManagementConfiguration' of type [org.springframework.transaction.annotation.ProxyTransactionManagementConfiguration] is not eligible for getting processed by all BeanPostProcessors (for example: not eligible for auto-proxying)
2023-02-19 22:57:41.620 [restartedMain] INFO  o.s.boot.web.embedded.tomcat.TomcatWebServer - Tomcat initialized with port(s): 8201 (http)
2023-02-19 22:57:41.628 [restartedMain] INFO  org.apache.coyote.http11.Http11NioProtocol - Initializing ProtocolHandler ["http-nio-8201"]
2023-02-19 22:57:41.629 [restartedMain] INFO  org.apache.catalina.core.StandardService - Starting service [Tomcat]
2023-02-19 22:57:41.629 [restartedMain] INFO  org.apache.catalina.core.StandardEngine - Starting Servlet engine: [Apache Tomcat/9.0.27]
2023-02-19 22:57:41.768 [restartedMain] INFO  o.a.c.core.ContainerBase.[Tomcat].[localhost].[/] - Initializing Spring embedded WebApplicationContext
2023-02-19 22:57:41.769 [restartedMain] INFO  org.springframework.web.context.ContextLoader - Root WebApplicationContext: initialization completed in 1740 ms
2023-02-19 22:57:42.631 [restartedMain] INFO  org.apache.catalina.core.StandardService - Stopping service [Tomcat]
2023-02-19 22:57:42.640 [restartedMain] INFO  o.s.b.a.l.ConditionEvaluationReportLoggingListener - 

Error starting ApplicationContext. To display the conditions report re-run your application with 'debug' enabled.
2023-02-19 22:59:19.101 [restartedMain] INFO  com.chy.yygh.hosp.ServiceHospApplication - Starting ServiceHospApplication on LAPTOP-P9HIVC5F with PID 24196 (started by hp in E:\崔洪源\1.java\项目\代码\Microservice-learning-01-shangyitong)
2023-02-19 22:59:19.102 [restartedMain] INFO  com.chy.yygh.hosp.ServiceHospApplication - The following profiles are active: dev
2023-02-19 22:59:19.160 [restartedMain] INFO  o.s.boot.devtools.restart.ChangeableUrls - The Class-Path manifest attribute in D:\Maven\apache-maven-3.8.2\localRepository\org\glassfish\jaxb\jaxb-runtime\2.3.2\jaxb-runtime-2.3.2.jar referenced one or more files that do not exist: file:/D:/Maven/apache-maven-3.8.2/localRepository/org/glassfish/jaxb/jaxb-runtime/2.3.2/jakarta.xml.bind-api-2.3.2.jar,file:/D:/Maven/apache-maven-3.8.2/localRepository/org/glassfish/jaxb/jaxb-runtime/2.3.2/txw2-2.3.2.jar,file:/D:/Maven/apache-maven-3.8.2/localRepository/org/glassfish/jaxb/jaxb-runtime/2.3.2/istack-commons-runtime-3.0.8.jar,file:/D:/Maven/apache-maven-3.8.2/localRepository/org/glassfish/jaxb/jaxb-runtime/2.3.2/stax-ex-1.8.1.jar,file:/D:/Maven/apache-maven-3.8.2/localRepository/org/glassfish/jaxb/jaxb-runtime/2.3.2/FastInfoset-1.2.16.jar,file:/D:/Maven/apache-maven-3.8.2/localRepository/org/glassfish/jaxb/jaxb-runtime/2.3.2/jakarta.activation-api-1.2.1.jar
2023-02-19 22:59:19.160 [restartedMain] INFO  o.s.boot.devtools.restart.ChangeableUrls - The Class-Path manifest attribute in D:\Maven\apache-maven-3.8.2\localRepository\com\sun\xml\bind\jaxb-impl\2.1\jaxb-impl-2.1.jar referenced one or more files that do not exist: file:/D:/Maven/apache-maven-3.8.2/localRepository/com/sun/xml/bind/jaxb-impl/2.1/jaxb-api.jar,file:/D:/Maven/apache-maven-3.8.2/localRepository/com/sun/xml/bind/jaxb-impl/2.1/activation.jar,file:/D:/Maven/apache-maven-3.8.2/localRepository/com/sun/xml/bind/jaxb-impl/2.1/jsr173_1.0_api.jar,file:/D:/Maven/apache-maven-3.8.2/localRepository/com/sun/xml/bind/jaxb-impl/2.1/jaxb1-impl.jar
2023-02-19 22:59:19.160 [restartedMain] INFO  o.s.b.d.env.DevToolsPropertyDefaultsPostProcessor - Devtools property defaults active! Set 'spring.devtools.add-properties' to 'false' to disable
2023-02-19 22:59:19.160 [restartedMain] INFO  o.s.b.d.env.DevToolsPropertyDefaultsPostProcessor - For additional web related logging consider setting the 'logging.level.web' property to 'DEBUG'
2023-02-19 22:59:19.859 [restartedMain] INFO  o.s.d.r.config.RepositoryConfigurationDelegate - Multiple Spring Data modules found, entering strict repository configuration mode!
2023-02-19 22:59:19.860 [restartedMain] INFO  o.s.d.r.config.RepositoryConfigurationDelegate - Bootstrapping Spring Data repositories in DEFAULT mode.
2023-02-19 22:59:19.900 [restartedMain] INFO  o.s.d.r.config.RepositoryConfigurationDelegate - Finished Spring Data repository scanning in 36ms. Found 1 repository interfaces.
2023-02-19 22:59:19.913 [restartedMain] INFO  o.s.d.r.config.RepositoryConfigurationDelegate - Multiple Spring Data modules found, entering strict repository configuration mode!
2023-02-19 22:59:19.913 [restartedMain] INFO  o.s.d.r.config.RepositoryConfigurationDelegate - Bootstrapping Spring Data repositories in DEFAULT mode.
2023-02-19 22:59:19.923 [restartedMain] INFO  o.s.d.r.c.RepositoryConfigurationExtensionSupport - Spring Data Redis - Could not safely identify store assignment for repository candidate interface com.chy.yygh.hosp.repository.HospitalRepository. If you want this repository to be a Redis repository, consider annotating your entities with one of these annotations: org.springframework.data.redis.core.RedisHash (preferred), or consider extending one of the following types with your repository: org.springframework.data.keyvalue.repository.KeyValueRepository.
2023-02-19 22:59:19.923 [restartedMain] INFO  o.s.d.r.config.RepositoryConfigurationDelegate - Finished Spring Data repository scanning in 5ms. Found 0 repository interfaces.
2023-02-19 22:59:20.155 [restartedMain] INFO  o.s.c.s.PostProcessorRegistrationDelegate$BeanPostProcessorChecker - Bean 'org.springframework.transaction.annotation.ProxyTransactionManagementConfiguration' of type [org.springframework.transaction.annotation.ProxyTransactionManagementConfiguration] is not eligible for getting processed by all BeanPostProcessors (for example: not eligible for auto-proxying)
2023-02-19 22:59:20.400 [restartedMain] INFO  o.s.boot.web.embedded.tomcat.TomcatWebServer - Tomcat initialized with port(s): 8201 (http)
2023-02-19 22:59:20.406 [restartedMain] INFO  org.apache.coyote.http11.Http11NioProtocol - Initializing ProtocolHandler ["http-nio-8201"]
2023-02-19 22:59:20.406 [restartedMain] INFO  org.apache.catalina.core.StandardService - Starting service [Tomcat]
2023-02-19 22:59:20.407 [restartedMain] INFO  org.apache.catalina.core.StandardEngine - Starting Servlet engine: [Apache Tomcat/9.0.27]
2023-02-19 22:59:20.532 [restartedMain] INFO  o.a.c.core.ContainerBase.[Tomcat].[localhost].[/] - Initializing Spring embedded WebApplicationContext
2023-02-19 22:59:20.532 [restartedMain] INFO  org.springframework.web.context.ContextLoader - Root WebApplicationContext: initialization completed in 1372 ms
2023-02-19 22:59:21.411 [restartedMain] INFO  org.mongodb.driver.cluster - Cluster created with settings {hosts=[39.106.137.121:27017], mode=MULTIPLE, requiredClusterType=UNKNOWN, serverSelectionTimeout='30000 ms', maxWaitQueueSize=500}
2023-02-19 22:59:21.412 [restartedMain] INFO  org.mongodb.driver.cluster - Adding discovered server 39.106.137.121:27017 to client view of cluster
2023-02-19 22:59:21.552 [cluster-ClusterId{value='63f23949ff65aa61b92b556d', description='null'}-39.106.137.121:27017] INFO  org.mongodb.driver.connection - Opened connection [connectionId{localValue:1, serverValue:195}] to 39.106.137.121:27017
2023-02-19 22:59:21.589 [cluster-ClusterId{value='63f23949ff65aa61b92b556d', description='null'}-39.106.137.121:27017] INFO  org.mongodb.driver.cluster - Monitor thread successfully connected to server with description ServerDescription{address=39.106.137.121:27017, type=STANDALONE, state=CONNECTED, ok=true, version=ServerVersion{versionList=[5, 0, 5]}, minWireVersion=0, maxWireVersion=13, maxDocumentSize=16777216, logicalSessionTimeoutMinutes=30, roundTripTimeNanos=35449300}
2023-02-19 22:59:21.590 [cluster-ClusterId{value='63f23949ff65aa61b92b556d', description='null'}-39.106.137.121:27017] INFO  org.mongodb.driver.cluster - Discovered cluster type of STANDALONE
2023-02-19 22:59:21.774 [restartedMain] INFO  org.mongodb.driver.connection - Opened connection [connectionId{localValue:2, serverValue:196}] to 39.106.137.121:27017
2023-02-19 22:59:22.370 [restartedMain] INFO  s.d.s.w.PropertySourcedRequestMappingHandlerMapping - Mapped URL path [/v2/api-docs] onto method [springfox.documentation.swagger2.web.Swagger2Controller#getDocumentation(String, HttpServletRequest)]
2023-02-19 22:59:22.461 [restartedMain] INFO  o.s.scheduling.concurrent.ThreadPoolTaskExecutor - Initializing ExecutorService 'applicationTaskExecutor'
2023-02-19 22:59:22.652 [restartedMain] INFO  s.d.s.web.plugins.DocumentationPluginsBootstrapper - Context refreshed
2023-02-19 22:59:22.665 [restartedMain] INFO  s.d.s.web.plugins.DocumentationPluginsBootstrapper - Found 2 custom documentation plugin(s)
2023-02-19 22:59:22.691 [restartedMain] INFO  s.d.spring.web.scanners.ApiListingReferenceScanner - Scanning for api listing references
2023-02-19 22:59:22.845 [restartedMain] INFO  s.d.s.w.r.operation.CachingOperationNameGenerator - Generating unique operation named: lockHospitalSetUsingPUT_1
2023-02-19 22:59:22.878 [restartedMain] INFO  s.d.spring.web.scanners.ApiListingReferenceScanner - Scanning for api listing references
2023-02-19 22:59:22.887 [restartedMain] INFO  org.apache.coyote.http11.Http11NioProtocol - Starting ProtocolHandler ["http-nio-8201"]
2023-02-19 22:59:22.906 [restartedMain] INFO  o.s.boot.web.embedded.tomcat.TomcatWebServer - Tomcat started on port(s): 8201 (http) with context path ''
2023-02-19 22:59:22.908 [restartedMain] INFO  com.chy.yygh.hosp.ServiceHospApplication - Started ServiceHospApplication in 4.236 seconds (JVM running for 5.172)
