2023-02-15 16:44:06.500 [restartedMain] INFO  com.chy.yygh.hosp.ServiceHospApplication - Starting ServiceHospApplication on LAPTOP-P9HIVC5F with PID 10800 (started by hp in E:\崔洪源\1.java\项目\代码\Microservice-learning-01-shangyitong)
2023-02-15 16:44:06.514 [restartedMain] INFO  com.chy.yygh.hosp.ServiceHospApplication - The following profiles are active: dev
2023-02-15 16:44:06.624 [restartedMain] INFO  o.s.boot.devtools.restart.ChangeableUrls - The Class-Path manifest attribute in D:\Maven\apache-maven-3.8.2\localRepository\org\glassfish\jaxb\jaxb-runtime\2.3.2\jaxb-runtime-2.3.2.jar referenced one or more files that do not exist: file:/D:/Maven/apache-maven-3.8.2/localRepository/org/glassfish/jaxb/jaxb-runtime/2.3.2/jakarta.xml.bind-api-2.3.2.jar,file:/D:/Maven/apache-maven-3.8.2/localRepository/org/glassfish/jaxb/jaxb-runtime/2.3.2/txw2-2.3.2.jar,file:/D:/Maven/apache-maven-3.8.2/localRepository/org/glassfish/jaxb/jaxb-runtime/2.3.2/istack-commons-runtime-3.0.8.jar,file:/D:/Maven/apache-maven-3.8.2/localRepository/org/glassfish/jaxb/jaxb-runtime/2.3.2/stax-ex-1.8.1.jar,file:/D:/Maven/apache-maven-3.8.2/localRepository/org/glassfish/jaxb/jaxb-runtime/2.3.2/FastInfoset-1.2.16.jar,file:/D:/Maven/apache-maven-3.8.2/localRepository/org/glassfish/jaxb/jaxb-runtime/2.3.2/jakarta.activation-api-1.2.1.jar
2023-02-15 16:44:06.625 [restartedMain] INFO  o.s.boot.devtools.restart.ChangeableUrls - The Class-Path manifest attribute in D:\Maven\apache-maven-3.8.2\localRepository\com\sun\xml\bind\jaxb-impl\2.1\jaxb-impl-2.1.jar referenced one or more files that do not exist: file:/D:/Maven/apache-maven-3.8.2/localRepository/com/sun/xml/bind/jaxb-impl/2.1/jaxb-api.jar,file:/D:/Maven/apache-maven-3.8.2/localRepository/com/sun/xml/bind/jaxb-impl/2.1/activation.jar,file:/D:/Maven/apache-maven-3.8.2/localRepository/com/sun/xml/bind/jaxb-impl/2.1/jsr173_1.0_api.jar,file:/D:/Maven/apache-maven-3.8.2/localRepository/com/sun/xml/bind/jaxb-impl/2.1/jaxb1-impl.jar
2023-02-15 16:44:06.625 [restartedMain] INFO  o.s.b.d.env.DevToolsPropertyDefaultsPostProcessor - Devtools property defaults active! Set 'spring.devtools.add-properties' to 'false' to disable
2023-02-15 16:44:06.626 [restartedMain] INFO  o.s.b.d.env.DevToolsPropertyDefaultsPostProcessor - For additional web related logging consider setting the 'logging.level.web' property to 'DEBUG'
2023-02-15 16:44:07.535 [restartedMain] INFO  o.s.d.r.config.RepositoryConfigurationDelegate - Multiple Spring Data modules found, entering strict repository configuration mode!
2023-02-15 16:44:07.537 [restartedMain] INFO  o.s.d.r.config.RepositoryConfigurationDelegate - Bootstrapping Spring Data repositories in DEFAULT mode.
2023-02-15 16:44:07.562 [restartedMain] INFO  o.s.d.r.config.RepositoryConfigurationDelegate - Finished Spring Data repository scanning in 13ms. Found 0 repository interfaces.
2023-02-15 16:44:07.796 [restartedMain] INFO  o.s.c.s.PostProcessorRegistrationDelegate$BeanPostProcessorChecker - Bean 'org.springframework.transaction.annotation.ProxyTransactionManagementConfiguration' of type [org.springframework.transaction.annotation.ProxyTransactionManagementConfiguration] is not eligible for getting processed by all BeanPostProcessors (for example: not eligible for auto-proxying)
2023-02-15 16:44:08.027 [restartedMain] INFO  o.s.boot.web.embedded.tomcat.TomcatWebServer - Tomcat initialized with port(s): 8201 (http)
2023-02-15 16:44:08.033 [restartedMain] INFO  org.apache.coyote.http11.Http11NioProtocol - Initializing ProtocolHandler ["http-nio-8201"]
2023-02-15 16:44:08.034 [restartedMain] INFO  org.apache.catalina.core.StandardService - Starting service [Tomcat]
2023-02-15 16:44:08.034 [restartedMain] INFO  org.apache.catalina.core.StandardEngine - Starting Servlet engine: [Apache Tomcat/9.0.27]
2023-02-15 16:44:08.160 [restartedMain] INFO  o.a.c.core.ContainerBase.[Tomcat].[localhost].[/] - Initializing Spring embedded WebApplicationContext
2023-02-15 16:44:08.161 [restartedMain] INFO  org.springframework.web.context.ContextLoader - Root WebApplicationContext: initialization completed in 1535 ms
2023-02-15 16:44:09.268 [restartedMain] INFO  s.d.s.w.PropertySourcedRequestMappingHandlerMapping - Mapped URL path [/v2/api-docs] onto method [springfox.documentation.swagger2.web.Swagger2Controller#getDocumentation(String, HttpServletRequest)]
2023-02-15 16:44:09.345 [restartedMain] INFO  o.s.scheduling.concurrent.ThreadPoolTaskExecutor - Initializing ExecutorService 'applicationTaskExecutor'
2023-02-15 16:44:09.374 [restartedMain] INFO  o.s.b.d.autoconfigure.OptionalLiveReloadServer - LiveReload server is running on port 35729
2023-02-15 16:44:09.737 [restartedMain] INFO  s.d.s.web.plugins.DocumentationPluginsBootstrapper - Context refreshed
2023-02-15 16:44:09.750 [restartedMain] INFO  s.d.s.web.plugins.DocumentationPluginsBootstrapper - Found 2 custom documentation plugin(s)
2023-02-15 16:44:09.776 [restartedMain] INFO  s.d.spring.web.scanners.ApiListingReferenceScanner - Scanning for api listing references
2023-02-15 16:44:09.883 [restartedMain] INFO  s.d.s.w.r.operation.CachingOperationNameGenerator - Generating unique operation named: lockHospitalSetUsingPUT_1
2023-02-15 16:44:09.910 [restartedMain] INFO  s.d.spring.web.scanners.ApiListingReferenceScanner - Scanning for api listing references
2023-02-15 16:44:09.918 [restartedMain] INFO  org.apache.coyote.http11.Http11NioProtocol - Starting ProtocolHandler ["http-nio-8201"]
2023-02-15 16:44:09.936 [restartedMain] INFO  o.s.boot.web.embedded.tomcat.TomcatWebServer - Tomcat started on port(s): 8201 (http) with context path ''
2023-02-15 16:44:09.938 [restartedMain] INFO  com.chy.yygh.hosp.ServiceHospApplication - Started ServiceHospApplication in 4.111 seconds (JVM running for 5.386)
2023-02-15 17:49:13.668 [http-nio-8201-exec-1] INFO  o.a.c.core.ContainerBase.[Tomcat].[localhost].[/] - Initializing Spring DispatcherServlet 'dispatcherServlet'
2023-02-15 17:49:13.668 [http-nio-8201-exec-1] INFO  org.springframework.web.servlet.DispatcherServlet - Initializing Servlet 'dispatcherServlet'
2023-02-15 17:49:13.674 [http-nio-8201-exec-1] INFO  org.springframework.web.servlet.DispatcherServlet - Completed initialization in 6 ms
2023-02-15 18:02:55.287 [http-nio-8201-exec-7] INFO  com.zaxxer.hikari.HikariDataSource - HikariPool-1 - Starting...
2023-02-15 18:02:55.449 [http-nio-8201-exec-7] INFO  com.zaxxer.hikari.HikariDataSource - HikariPool-1 - Start completed.
2023-02-15 18:29:10.557 [restartedMain] INFO  com.chy.yygh.hosp.ServiceHospApplication - Starting ServiceHospApplication on LAPTOP-P9HIVC5F with PID 18644 (started by hp in E:\崔洪源\1.java\项目\代码\Microservice-learning-01-shangyitong)
2023-02-15 18:29:10.562 [restartedMain] INFO  com.chy.yygh.hosp.ServiceHospApplication - The following profiles are active: dev
2023-02-15 18:29:10.625 [restartedMain] INFO  o.s.boot.devtools.restart.ChangeableUrls - The Class-Path manifest attribute in D:\Maven\apache-maven-3.8.2\localRepository\org\glassfish\jaxb\jaxb-runtime\2.3.2\jaxb-runtime-2.3.2.jar referenced one or more files that do not exist: file:/D:/Maven/apache-maven-3.8.2/localRepository/org/glassfish/jaxb/jaxb-runtime/2.3.2/jakarta.xml.bind-api-2.3.2.jar,file:/D:/Maven/apache-maven-3.8.2/localRepository/org/glassfish/jaxb/jaxb-runtime/2.3.2/txw2-2.3.2.jar,file:/D:/Maven/apache-maven-3.8.2/localRepository/org/glassfish/jaxb/jaxb-runtime/2.3.2/istack-commons-runtime-3.0.8.jar,file:/D:/Maven/apache-maven-3.8.2/localRepository/org/glassfish/jaxb/jaxb-runtime/2.3.2/stax-ex-1.8.1.jar,file:/D:/Maven/apache-maven-3.8.2/localRepository/org/glassfish/jaxb/jaxb-runtime/2.3.2/FastInfoset-1.2.16.jar,file:/D:/Maven/apache-maven-3.8.2/localRepository/org/glassfish/jaxb/jaxb-runtime/2.3.2/jakarta.activation-api-1.2.1.jar
2023-02-15 18:29:10.625 [restartedMain] INFO  o.s.boot.devtools.restart.ChangeableUrls - The Class-Path manifest attribute in D:\Maven\apache-maven-3.8.2\localRepository\com\sun\xml\bind\jaxb-impl\2.1\jaxb-impl-2.1.jar referenced one or more files that do not exist: file:/D:/Maven/apache-maven-3.8.2/localRepository/com/sun/xml/bind/jaxb-impl/2.1/jaxb-api.jar,file:/D:/Maven/apache-maven-3.8.2/localRepository/com/sun/xml/bind/jaxb-impl/2.1/activation.jar,file:/D:/Maven/apache-maven-3.8.2/localRepository/com/sun/xml/bind/jaxb-impl/2.1/jsr173_1.0_api.jar,file:/D:/Maven/apache-maven-3.8.2/localRepository/com/sun/xml/bind/jaxb-impl/2.1/jaxb1-impl.jar
2023-02-15 18:29:10.627 [restartedMain] INFO  o.s.b.d.env.DevToolsPropertyDefaultsPostProcessor - Devtools property defaults active! Set 'spring.devtools.add-properties' to 'false' to disable
2023-02-15 18:29:10.628 [restartedMain] INFO  o.s.b.d.env.DevToolsPropertyDefaultsPostProcessor - For additional web related logging consider setting the 'logging.level.web' property to 'DEBUG'
2023-02-15 18:29:11.865 [restartedMain] INFO  o.s.d.r.config.RepositoryConfigurationDelegate - Multiple Spring Data modules found, entering strict repository configuration mode!
2023-02-15 18:29:11.867 [restartedMain] INFO  o.s.d.r.config.RepositoryConfigurationDelegate - Bootstrapping Spring Data repositories in DEFAULT mode.
2023-02-15 18:29:11.900 [restartedMain] INFO  o.s.d.r.config.RepositoryConfigurationDelegate - Finished Spring Data repository scanning in 15ms. Found 0 repository interfaces.
2023-02-15 18:29:12.216 [restartedMain] INFO  o.s.c.s.PostProcessorRegistrationDelegate$BeanPostProcessorChecker - Bean 'org.springframework.transaction.annotation.ProxyTransactionManagementConfiguration' of type [org.springframework.transaction.annotation.ProxyTransactionManagementConfiguration] is not eligible for getting processed by all BeanPostProcessors (for example: not eligible for auto-proxying)
2023-02-15 18:29:12.538 [restartedMain] INFO  o.s.boot.web.embedded.tomcat.TomcatWebServer - Tomcat initialized with port(s): 8201 (http)
2023-02-15 18:29:12.549 [restartedMain] INFO  org.apache.coyote.http11.Http11NioProtocol - Initializing ProtocolHandler ["http-nio-8201"]
2023-02-15 18:29:12.550 [restartedMain] INFO  org.apache.catalina.core.StandardService - Starting service [Tomcat]
2023-02-15 18:29:12.550 [restartedMain] INFO  org.apache.catalina.core.StandardEngine - Starting Servlet engine: [Apache Tomcat/9.0.27]
2023-02-15 18:29:12.671 [restartedMain] INFO  o.a.c.core.ContainerBase.[Tomcat].[localhost].[/] - Initializing Spring embedded WebApplicationContext
2023-02-15 18:29:12.672 [restartedMain] INFO  org.springframework.web.context.ContextLoader - Root WebApplicationContext: initialization completed in 2041 ms
2023-02-15 18:29:14.015 [restartedMain] INFO  s.d.s.w.PropertySourcedRequestMappingHandlerMapping - Mapped URL path [/v2/api-docs] onto method [springfox.documentation.swagger2.web.Swagger2Controller#getDocumentation(String, HttpServletRequest)]
2023-02-15 18:29:14.121 [restartedMain] INFO  o.s.scheduling.concurrent.ThreadPoolTaskExecutor - Initializing ExecutorService 'applicationTaskExecutor'
2023-02-15 18:29:14.162 [restartedMain] INFO  o.s.b.d.autoconfigure.OptionalLiveReloadServer - LiveReload server is running on port 35729
2023-02-15 18:29:14.605 [restartedMain] INFO  s.d.s.web.plugins.DocumentationPluginsBootstrapper - Context refreshed
2023-02-15 18:29:14.627 [restartedMain] INFO  s.d.s.web.plugins.DocumentationPluginsBootstrapper - Found 2 custom documentation plugin(s)
2023-02-15 18:29:14.674 [restartedMain] INFO  s.d.spring.web.scanners.ApiListingReferenceScanner - Scanning for api listing references
2023-02-15 18:29:14.844 [restartedMain] INFO  s.d.s.w.r.operation.CachingOperationNameGenerator - Generating unique operation named: lockHospitalSetUsingPUT_1
2023-02-15 18:29:14.882 [restartedMain] INFO  s.d.spring.web.scanners.ApiListingReferenceScanner - Scanning for api listing references
2023-02-15 18:29:14.890 [restartedMain] INFO  org.apache.coyote.http11.Http11NioProtocol - Starting ProtocolHandler ["http-nio-8201"]
2023-02-15 18:29:14.914 [restartedMain] INFO  o.s.boot.web.embedded.tomcat.TomcatWebServer - Tomcat started on port(s): 8201 (http) with context path ''
2023-02-15 18:29:14.917 [restartedMain] INFO  com.chy.yygh.hosp.ServiceHospApplication - Started ServiceHospApplication in 5.062 seconds (JVM running for 6.43)
2023-02-15 18:49:45.969 [http-nio-8201-exec-1] INFO  o.a.c.core.ContainerBase.[Tomcat].[localhost].[/] - Initializing Spring DispatcherServlet 'dispatcherServlet'
2023-02-15 18:49:45.970 [http-nio-8201-exec-1] INFO  org.springframework.web.servlet.DispatcherServlet - Initializing Servlet 'dispatcherServlet'
2023-02-15 18:49:45.978 [http-nio-8201-exec-1] INFO  org.springframework.web.servlet.DispatcherServlet - Completed initialization in 8 ms
2023-02-15 18:57:31.249 [http-nio-8201-exec-3] INFO  com.zaxxer.hikari.HikariDataSource - HikariPool-1 - Starting...
2023-02-15 18:57:31.360 [http-nio-8201-exec-3] INFO  com.zaxxer.hikari.HikariDataSource - HikariPool-1 - Start completed.
