2023-02-17 02:00:32.973 [Thread-12] INFO  o.s.scheduling.concurrent.ThreadPoolTaskExecutor - Shutting down ExecutorService 'applicationTaskExecutor'
2023-02-17 02:00:32.996 [Thread-12] INFO  com.zaxxer.hikari.HikariDataSource - HikariPool-1 - Shutdown initiated...
2023-02-17 02:00:33.011 [Thread-12] INFO  com.zaxxer.hikari.HikariDataSource - HikariPool-1 - Shutdown completed.
2023-02-17 22:42:43.280 [restartedMain] INFO  com.chy.yygh.hosp.ServiceHospApplication - Starting ServiceHospApplication on LAPTOP-P9HIVC5F with PID 17796 (started by hp in E:\崔洪源\1.java\项目\代码\Microservice-learning-01-shangyitong)
2023-02-17 22:42:43.281 [restartedMain] INFO  com.chy.yygh.hosp.ServiceHospApplication - The following profiles are active: dev
2023-02-17 22:42:43.318 [restartedMain] INFO  o.s.boot.devtools.restart.ChangeableUrls - The Class-Path manifest attribute in D:\Maven\apache-maven-3.8.2\localRepository\org\glassfish\jaxb\jaxb-runtime\2.3.2\jaxb-runtime-2.3.2.jar referenced one or more files that do not exist: file:/D:/Maven/apache-maven-3.8.2/localRepository/org/glassfish/jaxb/jaxb-runtime/2.3.2/jakarta.xml.bind-api-2.3.2.jar,file:/D:/Maven/apache-maven-3.8.2/localRepository/org/glassfish/jaxb/jaxb-runtime/2.3.2/txw2-2.3.2.jar,file:/D:/Maven/apache-maven-3.8.2/localRepository/org/glassfish/jaxb/jaxb-runtime/2.3.2/istack-commons-runtime-3.0.8.jar,file:/D:/Maven/apache-maven-3.8.2/localRepository/org/glassfish/jaxb/jaxb-runtime/2.3.2/stax-ex-1.8.1.jar,file:/D:/Maven/apache-maven-3.8.2/localRepository/org/glassfish/jaxb/jaxb-runtime/2.3.2/FastInfoset-1.2.16.jar,file:/D:/Maven/apache-maven-3.8.2/localRepository/org/glassfish/jaxb/jaxb-runtime/2.3.2/jakarta.activation-api-1.2.1.jar
2023-02-17 22:42:43.318 [restartedMain] INFO  o.s.boot.devtools.restart.ChangeableUrls - The Class-Path manifest attribute in D:\Maven\apache-maven-3.8.2\localRepository\com\sun\xml\bind\jaxb-impl\2.1\jaxb-impl-2.1.jar referenced one or more files that do not exist: file:/D:/Maven/apache-maven-3.8.2/localRepository/com/sun/xml/bind/jaxb-impl/2.1/jaxb-api.jar,file:/D:/Maven/apache-maven-3.8.2/localRepository/com/sun/xml/bind/jaxb-impl/2.1/activation.jar,file:/D:/Maven/apache-maven-3.8.2/localRepository/com/sun/xml/bind/jaxb-impl/2.1/jsr173_1.0_api.jar,file:/D:/Maven/apache-maven-3.8.2/localRepository/com/sun/xml/bind/jaxb-impl/2.1/jaxb1-impl.jar
2023-02-17 22:42:43.318 [restartedMain] INFO  o.s.b.d.env.DevToolsPropertyDefaultsPostProcessor - Devtools property defaults active! Set 'spring.devtools.add-properties' to 'false' to disable
2023-02-17 22:42:43.318 [restartedMain] INFO  o.s.b.d.env.DevToolsPropertyDefaultsPostProcessor - For additional web related logging consider setting the 'logging.level.web' property to 'DEBUG'
2023-02-17 22:42:44.228 [restartedMain] INFO  o.s.d.r.config.RepositoryConfigurationDelegate - Multiple Spring Data modules found, entering strict repository configuration mode!
2023-02-17 22:42:44.230 [restartedMain] INFO  o.s.d.r.config.RepositoryConfigurationDelegate - Bootstrapping Spring Data repositories in DEFAULT mode.
2023-02-17 22:42:44.259 [restartedMain] INFO  o.s.d.r.config.RepositoryConfigurationDelegate - Finished Spring Data repository scanning in 17ms. Found 0 repository interfaces.
2023-02-17 22:42:44.555 [restartedMain] INFO  o.s.c.s.PostProcessorRegistrationDelegate$BeanPostProcessorChecker - Bean 'org.springframework.transaction.annotation.ProxyTransactionManagementConfiguration' of type [org.springframework.transaction.annotation.ProxyTransactionManagementConfiguration] is not eligible for getting processed by all BeanPostProcessors (for example: not eligible for auto-proxying)
2023-02-17 22:42:44.849 [restartedMain] INFO  o.s.boot.web.embedded.tomcat.TomcatWebServer - Tomcat initialized with port(s): 8201 (http)
2023-02-17 22:42:44.859 [restartedMain] INFO  org.apache.coyote.http11.Http11NioProtocol - Initializing ProtocolHandler ["http-nio-8201"]
2023-02-17 22:42:44.860 [restartedMain] INFO  org.apache.catalina.core.StandardService - Starting service [Tomcat]
2023-02-17 22:42:44.860 [restartedMain] INFO  org.apache.catalina.core.StandardEngine - Starting Servlet engine: [Apache Tomcat/9.0.27]
2023-02-17 22:42:44.946 [restartedMain] INFO  o.a.c.core.ContainerBase.[Tomcat].[localhost].[/] - Initializing Spring embedded WebApplicationContext
2023-02-17 22:42:44.946 [restartedMain] INFO  org.springframework.web.context.ContextLoader - Root WebApplicationContext: initialization completed in 1627 ms
2023-02-17 22:42:46.228 [restartedMain] INFO  s.d.s.w.PropertySourcedRequestMappingHandlerMapping - Mapped URL path [/v2/api-docs] onto method [springfox.documentation.swagger2.web.Swagger2Controller#getDocumentation(String, HttpServletRequest)]
2023-02-17 22:42:46.334 [restartedMain] INFO  o.s.scheduling.concurrent.ThreadPoolTaskExecutor - Initializing ExecutorService 'applicationTaskExecutor'
2023-02-17 22:42:46.782 [restartedMain] INFO  s.d.s.web.plugins.DocumentationPluginsBootstrapper - Context refreshed
2023-02-17 22:42:46.797 [restartedMain] INFO  s.d.s.web.plugins.DocumentationPluginsBootstrapper - Found 2 custom documentation plugin(s)
2023-02-17 22:42:46.825 [restartedMain] INFO  s.d.spring.web.scanners.ApiListingReferenceScanner - Scanning for api listing references
2023-02-17 22:42:46.959 [restartedMain] INFO  s.d.s.w.r.operation.CachingOperationNameGenerator - Generating unique operation named: lockHospitalSetUsingPUT_1
2023-02-17 22:42:46.995 [restartedMain] INFO  s.d.spring.web.scanners.ApiListingReferenceScanner - Scanning for api listing references
2023-02-17 22:42:47.002 [restartedMain] INFO  org.apache.coyote.http11.Http11NioProtocol - Starting ProtocolHandler ["http-nio-8201"]
2023-02-17 22:42:47.022 [restartedMain] INFO  o.s.boot.web.embedded.tomcat.TomcatWebServer - Tomcat started on port(s): 8201 (http) with context path ''
2023-02-17 22:42:47.026 [restartedMain] INFO  com.chy.yygh.hosp.ServiceHospApplication - Started ServiceHospApplication in 4.288 seconds (JVM running for 5.398)
2023-02-17 22:46:32.820 [http-nio-8201-exec-1] INFO  o.a.c.core.ContainerBase.[Tomcat].[localhost].[/] - Initializing Spring DispatcherServlet 'dispatcherServlet'
2023-02-17 22:46:32.820 [http-nio-8201-exec-1] INFO  org.springframework.web.servlet.DispatcherServlet - Initializing Servlet 'dispatcherServlet'
2023-02-17 22:46:32.826 [http-nio-8201-exec-1] INFO  org.springframework.web.servlet.DispatcherServlet - Completed initialization in 6 ms
2023-02-17 22:52:17.817 [Thread-2] INFO  o.s.scheduling.concurrent.ThreadPoolTaskExecutor - Shutting down ExecutorService 'applicationTaskExecutor'
2023-02-17 22:52:18.477 [restartedMain] INFO  com.chy.yygh.hosp.ServiceHospApplication - Starting ServiceHospApplication on LAPTOP-P9HIVC5F with PID 17796 (started by hp in E:\崔洪源\1.java\项目\代码\Microservice-learning-01-shangyitong)
2023-02-17 22:52:18.478 [restartedMain] INFO  com.chy.yygh.hosp.ServiceHospApplication - The following profiles are active: dev
2023-02-17 22:52:19.016 [restartedMain] INFO  o.s.d.r.config.RepositoryConfigurationDelegate - Multiple Spring Data modules found, entering strict repository configuration mode!
2023-02-17 22:52:19.016 [restartedMain] INFO  o.s.d.r.config.RepositoryConfigurationDelegate - Bootstrapping Spring Data repositories in DEFAULT mode.
2023-02-17 22:52:19.021 [restartedMain] INFO  o.s.d.r.config.RepositoryConfigurationDelegate - Finished Spring Data repository scanning in 4ms. Found 0 repository interfaces.
2023-02-17 22:52:19.120 [restartedMain] INFO  o.s.c.s.PostProcessorRegistrationDelegate$BeanPostProcessorChecker - Bean 'org.springframework.transaction.annotation.ProxyTransactionManagementConfiguration' of type [org.springframework.transaction.annotation.ProxyTransactionManagementConfiguration] is not eligible for getting processed by all BeanPostProcessors (for example: not eligible for auto-proxying)
2023-02-17 22:52:19.328 [restartedMain] INFO  o.s.boot.web.embedded.tomcat.TomcatWebServer - Tomcat initialized with port(s): 8201 (http)
2023-02-17 22:52:19.329 [restartedMain] INFO  org.apache.coyote.http11.Http11NioProtocol - Initializing ProtocolHandler ["http-nio-8201"]
2023-02-17 22:52:19.330 [restartedMain] INFO  org.apache.catalina.core.StandardService - Starting service [Tomcat]
2023-02-17 22:52:19.330 [restartedMain] INFO  org.apache.catalina.core.StandardEngine - Starting Servlet engine: [Apache Tomcat/9.0.27]
2023-02-17 22:52:19.357 [restartedMain] INFO  o.a.c.core.ContainerBase.[Tomcat].[localhost].[/] - Initializing Spring embedded WebApplicationContext
2023-02-17 22:52:19.358 [restartedMain] INFO  org.springframework.web.context.ContextLoader - Root WebApplicationContext: initialization completed in 871 ms
2023-02-17 22:52:20.008 [restartedMain] INFO  s.d.s.w.PropertySourcedRequestMappingHandlerMapping - Mapped URL path [/v2/api-docs] onto method [springfox.documentation.swagger2.web.Swagger2Controller#getDocumentation(String, HttpServletRequest)]
2023-02-17 22:52:20.068 [restartedMain] INFO  o.s.scheduling.concurrent.ThreadPoolTaskExecutor - Initializing ExecutorService 'applicationTaskExecutor'
2023-02-17 22:52:20.171 [restartedMain] INFO  s.d.s.web.plugins.DocumentationPluginsBootstrapper - Context refreshed
2023-02-17 22:52:20.172 [restartedMain] INFO  s.d.s.web.plugins.DocumentationPluginsBootstrapper - Found 2 custom documentation plugin(s)
2023-02-17 22:52:20.177 [restartedMain] INFO  s.d.spring.web.scanners.ApiListingReferenceScanner - Scanning for api listing references
2023-02-17 22:52:20.210 [restartedMain] INFO  s.d.s.w.r.operation.CachingOperationNameGenerator - Generating unique operation named: lockHospitalSetUsingPUT_1
2023-02-17 22:52:20.235 [restartedMain] INFO  s.d.spring.web.scanners.ApiListingReferenceScanner - Scanning for api listing references
2023-02-17 22:52:20.238 [restartedMain] INFO  org.apache.coyote.http11.Http11NioProtocol - Starting ProtocolHandler ["http-nio-8201"]
2023-02-17 22:52:20.242 [restartedMain] INFO  o.s.boot.web.embedded.tomcat.TomcatWebServer - Tomcat started on port(s): 8201 (http) with context path ''
2023-02-17 22:52:20.242 [restartedMain] INFO  com.chy.yygh.hosp.ServiceHospApplication - Started ServiceHospApplication in 1.858 seconds (JVM running for 578.614)
2023-02-17 22:52:20.245 [restartedMain] INFO  o.s.b.d.a.ConditionEvaluationDeltaLoggingListener - Condition evaluation unchanged
2023-02-17 22:52:46.969 [restartedMain] INFO  com.chy.yygh.hosp.ServiceHospApplication - Starting ServiceHospApplication on LAPTOP-P9HIVC5F with PID 13832 (started by hp in E:\崔洪源\1.java\项目\代码\Microservice-learning-01-shangyitong)
2023-02-17 22:52:46.971 [restartedMain] INFO  com.chy.yygh.hosp.ServiceHospApplication - The following profiles are active: dev
2023-02-17 22:52:47.056 [restartedMain] INFO  o.s.boot.devtools.restart.ChangeableUrls - The Class-Path manifest attribute in D:\Maven\apache-maven-3.8.2\localRepository\org\glassfish\jaxb\jaxb-runtime\2.3.2\jaxb-runtime-2.3.2.jar referenced one or more files that do not exist: file:/D:/Maven/apache-maven-3.8.2/localRepository/org/glassfish/jaxb/jaxb-runtime/2.3.2/jakarta.xml.bind-api-2.3.2.jar,file:/D:/Maven/apache-maven-3.8.2/localRepository/org/glassfish/jaxb/jaxb-runtime/2.3.2/txw2-2.3.2.jar,file:/D:/Maven/apache-maven-3.8.2/localRepository/org/glassfish/jaxb/jaxb-runtime/2.3.2/istack-commons-runtime-3.0.8.jar,file:/D:/Maven/apache-maven-3.8.2/localRepository/org/glassfish/jaxb/jaxb-runtime/2.3.2/stax-ex-1.8.1.jar,file:/D:/Maven/apache-maven-3.8.2/localRepository/org/glassfish/jaxb/jaxb-runtime/2.3.2/FastInfoset-1.2.16.jar,file:/D:/Maven/apache-maven-3.8.2/localRepository/org/glassfish/jaxb/jaxb-runtime/2.3.2/jakarta.activation-api-1.2.1.jar
2023-02-17 22:52:47.056 [restartedMain] INFO  o.s.boot.devtools.restart.ChangeableUrls - The Class-Path manifest attribute in D:\Maven\apache-maven-3.8.2\localRepository\com\sun\xml\bind\jaxb-impl\2.1\jaxb-impl-2.1.jar referenced one or more files that do not exist: file:/D:/Maven/apache-maven-3.8.2/localRepository/com/sun/xml/bind/jaxb-impl/2.1/jaxb-api.jar,file:/D:/Maven/apache-maven-3.8.2/localRepository/com/sun/xml/bind/jaxb-impl/2.1/activation.jar,file:/D:/Maven/apache-maven-3.8.2/localRepository/com/sun/xml/bind/jaxb-impl/2.1/jsr173_1.0_api.jar,file:/D:/Maven/apache-maven-3.8.2/localRepository/com/sun/xml/bind/jaxb-impl/2.1/jaxb1-impl.jar
2023-02-17 22:52:47.056 [restartedMain] INFO  o.s.b.d.env.DevToolsPropertyDefaultsPostProcessor - Devtools property defaults active! Set 'spring.devtools.add-properties' to 'false' to disable
2023-02-17 22:52:47.057 [restartedMain] INFO  o.s.b.d.env.DevToolsPropertyDefaultsPostProcessor - For additional web related logging consider setting the 'logging.level.web' property to 'DEBUG'
2023-02-17 22:52:48.046 [restartedMain] INFO  o.s.d.r.config.RepositoryConfigurationDelegate - Multiple Spring Data modules found, entering strict repository configuration mode!
2023-02-17 22:52:48.049 [restartedMain] INFO  o.s.d.r.config.RepositoryConfigurationDelegate - Bootstrapping Spring Data repositories in DEFAULT mode.
2023-02-17 22:52:48.079 [restartedMain] INFO  o.s.d.r.config.RepositoryConfigurationDelegate - Finished Spring Data repository scanning in 16ms. Found 0 repository interfaces.
2023-02-17 22:52:48.393 [restartedMain] INFO  o.s.c.s.PostProcessorRegistrationDelegate$BeanPostProcessorChecker - Bean 'org.springframework.transaction.annotation.ProxyTransactionManagementConfiguration' of type [org.springframework.transaction.annotation.ProxyTransactionManagementConfiguration] is not eligible for getting processed by all BeanPostProcessors (for example: not eligible for auto-proxying)
2023-02-17 22:52:48.678 [restartedMain] INFO  o.s.boot.web.embedded.tomcat.TomcatWebServer - Tomcat initialized with port(s): 8201 (http)
2023-02-17 22:52:48.688 [restartedMain] INFO  org.apache.coyote.http11.Http11NioProtocol - Initializing ProtocolHandler ["http-nio-8201"]
2023-02-17 22:52:48.689 [restartedMain] INFO  org.apache.catalina.core.StandardService - Starting service [Tomcat]
2023-02-17 22:52:48.689 [restartedMain] INFO  org.apache.catalina.core.StandardEngine - Starting Servlet engine: [Apache Tomcat/9.0.27]
2023-02-17 22:52:48.783 [restartedMain] INFO  o.a.c.core.ContainerBase.[Tomcat].[localhost].[/] - Initializing Spring embedded WebApplicationContext
2023-02-17 22:52:48.783 [restartedMain] INFO  org.springframework.web.context.ContextLoader - Root WebApplicationContext: initialization completed in 1726 ms
2023-02-17 22:52:50.155 [restartedMain] INFO  s.d.s.w.PropertySourcedRequestMappingHandlerMapping - Mapped URL path [/v2/api-docs] onto method [springfox.documentation.swagger2.web.Swagger2Controller#getDocumentation(String, HttpServletRequest)]
2023-02-17 22:52:50.248 [restartedMain] INFO  o.s.scheduling.concurrent.ThreadPoolTaskExecutor - Initializing ExecutorService 'applicationTaskExecutor'
2023-02-17 22:52:50.687 [restartedMain] INFO  s.d.s.web.plugins.DocumentationPluginsBootstrapper - Context refreshed
2023-02-17 22:52:50.699 [restartedMain] INFO  s.d.s.web.plugins.DocumentationPluginsBootstrapper - Found 2 custom documentation plugin(s)
2023-02-17 22:52:50.726 [restartedMain] INFO  s.d.spring.web.scanners.ApiListingReferenceScanner - Scanning for api listing references
2023-02-17 22:52:50.854 [restartedMain] INFO  s.d.s.w.r.operation.CachingOperationNameGenerator - Generating unique operation named: lockHospitalSetUsingPUT_1
2023-02-17 22:52:50.885 [restartedMain] INFO  s.d.spring.web.scanners.ApiListingReferenceScanner - Scanning for api listing references
2023-02-17 22:52:50.893 [restartedMain] INFO  org.apache.coyote.http11.Http11NioProtocol - Starting ProtocolHandler ["http-nio-8201"]
2023-02-17 22:52:50.916 [restartedMain] INFO  o.s.boot.web.embedded.tomcat.TomcatWebServer - Tomcat started on port(s): 8201 (http) with context path ''
2023-02-17 22:52:50.918 [restartedMain] INFO  com.chy.yygh.hosp.ServiceHospApplication - Started ServiceHospApplication in 4.466 seconds (JVM running for 5.604)
2023-02-17 22:53:15.358 [http-nio-8201-exec-1] INFO  o.a.c.core.ContainerBase.[Tomcat].[localhost].[/] - Initializing Spring DispatcherServlet 'dispatcherServlet'
2023-02-17 22:53:15.359 [http-nio-8201-exec-1] INFO  org.springframework.web.servlet.DispatcherServlet - Initializing Servlet 'dispatcherServlet'
2023-02-17 22:53:15.363 [http-nio-8201-exec-1] INFO  org.springframework.web.servlet.DispatcherServlet - Completed initialization in 4 ms
