2023-02-20 02:25:30.359 [http-nio-8201-exec-5] WARN  org.mongodb.driver.connection - Got socket exception on connection [connectionId{localValue:2, serverValue:196}] to 39.106.137.121:27017. All connections to 39.106.137.121:27017 will be closed.
2023-02-20 14:54:33.609 [background-preinit] WARN  o.s.h.converter.json.Jackson2ObjectMapperBuilder - For Jackson Kotlin classes support please add "com.fasterxml.jackson.module:jackson-module-kotlin" to the classpath
2023-02-20 14:54:38.313 [restartedMain] WARN  org.springframework.data.convert.CustomConversions - Registering converter from class java.time.LocalDateTime to class org.joda.time.LocalDateTime as reading converter although it doesn't convert from a store-supported type! You might wanna check you annotation setup at the converter implementation.
2023-02-20 14:54:38.319 [restartedMain] WARN  org.springframework.data.convert.CustomConversions - Registering converter from class java.time.LocalDateTime to class org.joda.time.LocalDateTime as reading converter although it doesn't convert from a store-supported type! You might wanna check you annotation setup at the converter implementation.
2023-02-20 14:54:38.321 [restartedMain] WARN  org.springframework.data.convert.CustomConversions - Registering converter from class java.time.LocalDateTime to class java.time.Instant as reading converter although it doesn't convert from a store-supported type! You might wanna check you annotation setup at the converter implementation.
2023-02-20 14:54:38.322 [restartedMain] WARN  org.springframework.data.convert.CustomConversions - Registering converter from class java.time.Instant to class java.time.LocalDateTime as reading converter although it doesn't convert from a store-supported type! You might wanna check you annotation setup at the converter implementation.
2023-02-20 14:54:38.346 [restartedMain] WARN  org.springframework.data.convert.CustomConversions - Registering converter from class java.time.LocalDateTime to class org.joda.time.LocalDateTime as reading converter although it doesn't convert from a store-supported type! You might wanna check you annotation setup at the converter implementation.
2023-02-20 14:54:38.347 [restartedMain] WARN  org.springframework.data.convert.CustomConversions - Registering converter from class java.time.LocalDateTime to class org.joda.time.LocalDateTime as reading converter although it doesn't convert from a store-supported type! You might wanna check you annotation setup at the converter implementation.
2023-02-20 14:54:38.348 [restartedMain] WARN  org.springframework.data.convert.CustomConversions - Registering converter from class java.time.LocalDateTime to class java.time.Instant as reading converter although it doesn't convert from a store-supported type! You might wanna check you annotation setup at the converter implementation.
2023-02-20 14:54:38.349 [restartedMain] WARN  org.springframework.data.convert.CustomConversions - Registering converter from class java.time.Instant to class java.time.LocalDateTime as reading converter although it doesn't convert from a store-supported type! You might wanna check you annotation setup at the converter implementation.
2023-02-20 14:54:38.600 [restartedMain] WARN  o.s.b.d.autoconfigure.OptionalLiveReloadServer - Unable to start LiveReload server
2023-02-20 14:54:38.627 [restartedMain] WARN  o.s.d.m.c.index.MongoPersistentEntityIndexCreator - Automatic index creation will be disabled by default as of Spring Data MongoDB 3.x.
	Please use 'MongoMappingContext#setAutoIndexCreation(boolean)' or override 'MongoConfigurationSupport#autoIndexCreation()' to be explicit.
	However, we recommend setting up indices manually in an application ready block. You may use index derivation there as well.

	> -----------------------------------------------------------------------------------------
	> @EventListener(ApplicationReadyEvent.class)
	> public void initIndicesAfterStartup() {
	>
	>     IndexOperations indexOps = mongoTemplate.indexOps(DomainType.class);
	>
	>     IndexResolver resolver = new MongoPersistentEntityIndexResolver(mongoMappingContext);
	>     resolver.resolveIndexFor(DomainType.class).forEach(indexOps::ensureIndex);
	> }
	> -----------------------------------------------------------------------------------------

2023-02-20 21:06:07.391 [background-preinit] WARN  o.s.h.converter.json.Jackson2ObjectMapperBuilder - For Jackson Kotlin classes support please add "com.fasterxml.jackson.module:jackson-module-kotlin" to the classpath
2023-02-20 21:06:10.839 [restartedMain] WARN  org.springframework.data.convert.CustomConversions - Registering converter from class java.time.LocalDateTime to class org.joda.time.LocalDateTime as reading converter although it doesn't convert from a store-supported type! You might wanna check you annotation setup at the converter implementation.
2023-02-20 21:06:10.843 [restartedMain] WARN  org.springframework.data.convert.CustomConversions - Registering converter from class java.time.LocalDateTime to class org.joda.time.LocalDateTime as reading converter although it doesn't convert from a store-supported type! You might wanna check you annotation setup at the converter implementation.
2023-02-20 21:06:10.845 [restartedMain] WARN  org.springframework.data.convert.CustomConversions - Registering converter from class java.time.LocalDateTime to class java.time.Instant as reading converter although it doesn't convert from a store-supported type! You might wanna check you annotation setup at the converter implementation.
2023-02-20 21:06:10.845 [restartedMain] WARN  org.springframework.data.convert.CustomConversions - Registering converter from class java.time.Instant to class java.time.LocalDateTime as reading converter although it doesn't convert from a store-supported type! You might wanna check you annotation setup at the converter implementation.
2023-02-20 21:06:10.863 [restartedMain] WARN  org.springframework.data.convert.CustomConversions - Registering converter from class java.time.LocalDateTime to class org.joda.time.LocalDateTime as reading converter although it doesn't convert from a store-supported type! You might wanna check you annotation setup at the converter implementation.
2023-02-20 21:06:10.864 [restartedMain] WARN  org.springframework.data.convert.CustomConversions - Registering converter from class java.time.LocalDateTime to class org.joda.time.LocalDateTime as reading converter although it doesn't convert from a store-supported type! You might wanna check you annotation setup at the converter implementation.
2023-02-20 21:06:10.865 [restartedMain] WARN  org.springframework.data.convert.CustomConversions - Registering converter from class java.time.LocalDateTime to class java.time.Instant as reading converter although it doesn't convert from a store-supported type! You might wanna check you annotation setup at the converter implementation.
2023-02-20 21:06:10.865 [restartedMain] WARN  org.springframework.data.convert.CustomConversions - Registering converter from class java.time.Instant to class java.time.LocalDateTime as reading converter although it doesn't convert from a store-supported type! You might wanna check you annotation setup at the converter implementation.
2023-02-20 21:06:10.995 [restartedMain] WARN  o.s.b.d.autoconfigure.OptionalLiveReloadServer - Unable to start LiveReload server
2023-02-20 21:06:11.010 [restartedMain] WARN  o.s.d.m.c.index.MongoPersistentEntityIndexCreator - Automatic index creation will be disabled by default as of Spring Data MongoDB 3.x.
	Please use 'MongoMappingContext#setAutoIndexCreation(boolean)' or override 'MongoConfigurationSupport#autoIndexCreation()' to be explicit.
	However, we recommend setting up indices manually in an application ready block. You may use index derivation there as well.

	> -----------------------------------------------------------------------------------------
	> @EventListener(ApplicationReadyEvent.class)
	> public void initIndicesAfterStartup() {
	>
	>     IndexOperations indexOps = mongoTemplate.indexOps(DomainType.class);
	>
	>     IndexResolver resolver = new MongoPersistentEntityIndexResolver(mongoMappingContext);
	>     resolver.resolveIndexFor(DomainType.class).forEach(indexOps::ensureIndex);
	> }
	> -----------------------------------------------------------------------------------------

2023-02-20 21:06:55.450 [background-preinit] WARN  o.s.h.converter.json.Jackson2ObjectMapperBuilder - For Jackson Kotlin classes support please add "com.fasterxml.jackson.module:jackson-module-kotlin" to the classpath
2023-02-20 21:06:58.009 [restartedMain] WARN  org.springframework.data.convert.CustomConversions - Registering converter from class java.time.LocalDateTime to class org.joda.time.LocalDateTime as reading converter although it doesn't convert from a store-supported type! You might wanna check you annotation setup at the converter implementation.
2023-02-20 21:06:58.012 [restartedMain] WARN  org.springframework.data.convert.CustomConversions - Registering converter from class java.time.LocalDateTime to class org.joda.time.LocalDateTime as reading converter although it doesn't convert from a store-supported type! You might wanna check you annotation setup at the converter implementation.
2023-02-20 21:06:58.013 [restartedMain] WARN  org.springframework.data.convert.CustomConversions - Registering converter from class java.time.LocalDateTime to class java.time.Instant as reading converter although it doesn't convert from a store-supported type! You might wanna check you annotation setup at the converter implementation.
2023-02-20 21:06:58.014 [restartedMain] WARN  org.springframework.data.convert.CustomConversions - Registering converter from class java.time.Instant to class java.time.LocalDateTime as reading converter although it doesn't convert from a store-supported type! You might wanna check you annotation setup at the converter implementation.
2023-02-20 21:06:58.030 [restartedMain] WARN  org.springframework.data.convert.CustomConversions - Registering converter from class java.time.LocalDateTime to class org.joda.time.LocalDateTime as reading converter although it doesn't convert from a store-supported type! You might wanna check you annotation setup at the converter implementation.
2023-02-20 21:06:58.031 [restartedMain] WARN  org.springframework.data.convert.CustomConversions - Registering converter from class java.time.LocalDateTime to class org.joda.time.LocalDateTime as reading converter although it doesn't convert from a store-supported type! You might wanna check you annotation setup at the converter implementation.
2023-02-20 21:06:58.032 [restartedMain] WARN  org.springframework.data.convert.CustomConversions - Registering converter from class java.time.LocalDateTime to class java.time.Instant as reading converter although it doesn't convert from a store-supported type! You might wanna check you annotation setup at the converter implementation.
2023-02-20 21:06:58.032 [restartedMain] WARN  org.springframework.data.convert.CustomConversions - Registering converter from class java.time.Instant to class java.time.LocalDateTime as reading converter although it doesn't convert from a store-supported type! You might wanna check you annotation setup at the converter implementation.
2023-02-20 21:06:58.182 [restartedMain] WARN  o.s.b.d.autoconfigure.OptionalLiveReloadServer - Unable to start LiveReload server
2023-02-20 21:06:58.197 [restartedMain] WARN  o.s.d.m.c.index.MongoPersistentEntityIndexCreator - Automatic index creation will be disabled by default as of Spring Data MongoDB 3.x.
	Please use 'MongoMappingContext#setAutoIndexCreation(boolean)' or override 'MongoConfigurationSupport#autoIndexCreation()' to be explicit.
	However, we recommend setting up indices manually in an application ready block. You may use index derivation there as well.

	> -----------------------------------------------------------------------------------------
	> @EventListener(ApplicationReadyEvent.class)
	> public void initIndicesAfterStartup() {
	>
	>     IndexOperations indexOps = mongoTemplate.indexOps(DomainType.class);
	>
	>     IndexResolver resolver = new MongoPersistentEntityIndexResolver(mongoMappingContext);
	>     resolver.resolveIndexFor(DomainType.class).forEach(indexOps::ensureIndex);
	> }
	> -----------------------------------------------------------------------------------------

2023-02-20 21:07:09.640 [background-preinit] WARN  o.s.h.converter.json.Jackson2ObjectMapperBuilder - For Jackson Kotlin classes support please add "com.fasterxml.jackson.module:jackson-module-kotlin" to the classpath
2023-02-20 21:07:12.543 [restartedMain] WARN  org.springframework.data.convert.CustomConversions - Registering converter from class java.time.LocalDateTime to class org.joda.time.LocalDateTime as reading converter although it doesn't convert from a store-supported type! You might wanna check you annotation setup at the converter implementation.
2023-02-20 21:07:12.546 [restartedMain] WARN  org.springframework.data.convert.CustomConversions - Registering converter from class java.time.LocalDateTime to class org.joda.time.LocalDateTime as reading converter although it doesn't convert from a store-supported type! You might wanna check you annotation setup at the converter implementation.
2023-02-20 21:07:12.547 [restartedMain] WARN  org.springframework.data.convert.CustomConversions - Registering converter from class java.time.LocalDateTime to class java.time.Instant as reading converter although it doesn't convert from a store-supported type! You might wanna check you annotation setup at the converter implementation.
2023-02-20 21:07:12.547 [restartedMain] WARN  org.springframework.data.convert.CustomConversions - Registering converter from class java.time.Instant to class java.time.LocalDateTime as reading converter although it doesn't convert from a store-supported type! You might wanna check you annotation setup at the converter implementation.
2023-02-20 21:07:12.563 [restartedMain] WARN  org.springframework.data.convert.CustomConversions - Registering converter from class java.time.LocalDateTime to class org.joda.time.LocalDateTime as reading converter although it doesn't convert from a store-supported type! You might wanna check you annotation setup at the converter implementation.
2023-02-20 21:07:12.564 [restartedMain] WARN  org.springframework.data.convert.CustomConversions - Registering converter from class java.time.LocalDateTime to class org.joda.time.LocalDateTime as reading converter although it doesn't convert from a store-supported type! You might wanna check you annotation setup at the converter implementation.
2023-02-20 21:07:12.565 [restartedMain] WARN  org.springframework.data.convert.CustomConversions - Registering converter from class java.time.LocalDateTime to class java.time.Instant as reading converter although it doesn't convert from a store-supported type! You might wanna check you annotation setup at the converter implementation.
2023-02-20 21:07:12.565 [restartedMain] WARN  org.springframework.data.convert.CustomConversions - Registering converter from class java.time.Instant to class java.time.LocalDateTime as reading converter although it doesn't convert from a store-supported type! You might wanna check you annotation setup at the converter implementation.
2023-02-20 21:07:12.693 [restartedMain] WARN  o.s.b.d.autoconfigure.OptionalLiveReloadServer - Unable to start LiveReload server
2023-02-20 21:07:12.704 [restartedMain] WARN  o.s.d.m.c.index.MongoPersistentEntityIndexCreator - Automatic index creation will be disabled by default as of Spring Data MongoDB 3.x.
	Please use 'MongoMappingContext#setAutoIndexCreation(boolean)' or override 'MongoConfigurationSupport#autoIndexCreation()' to be explicit.
	However, we recommend setting up indices manually in an application ready block. You may use index derivation there as well.

	> -----------------------------------------------------------------------------------------
	> @EventListener(ApplicationReadyEvent.class)
	> public void initIndicesAfterStartup() {
	>
	>     IndexOperations indexOps = mongoTemplate.indexOps(DomainType.class);
	>
	>     IndexResolver resolver = new MongoPersistentEntityIndexResolver(mongoMappingContext);
	>     resolver.resolveIndexFor(DomainType.class).forEach(indexOps::ensureIndex);
	> }
	> -----------------------------------------------------------------------------------------

2023-02-20 21:08:11.821 [http-nio-8201-exec-1] WARN  o.s.w.s.m.m.a.ExceptionHandlerExceptionResolver - Resolved [java.lang.NullPointerException]
2023-02-20 21:08:44.855 [background-preinit] WARN  o.s.h.converter.json.Jackson2ObjectMapperBuilder - For Jackson Kotlin classes support please add "com.fasterxml.jackson.module:jackson-module-kotlin" to the classpath
2023-02-20 21:08:47.473 [restartedMain] WARN  org.springframework.data.convert.CustomConversions - Registering converter from class java.time.LocalDateTime to class org.joda.time.LocalDateTime as reading converter although it doesn't convert from a store-supported type! You might wanna check you annotation setup at the converter implementation.
2023-02-20 21:08:47.476 [restartedMain] WARN  org.springframework.data.convert.CustomConversions - Registering converter from class java.time.LocalDateTime to class org.joda.time.LocalDateTime as reading converter although it doesn't convert from a store-supported type! You might wanna check you annotation setup at the converter implementation.
2023-02-20 21:08:47.477 [restartedMain] WARN  org.springframework.data.convert.CustomConversions - Registering converter from class java.time.LocalDateTime to class java.time.Instant as reading converter although it doesn't convert from a store-supported type! You might wanna check you annotation setup at the converter implementation.
2023-02-20 21:08:47.478 [restartedMain] WARN  org.springframework.data.convert.CustomConversions - Registering converter from class java.time.Instant to class java.time.LocalDateTime as reading converter although it doesn't convert from a store-supported type! You might wanna check you annotation setup at the converter implementation.
2023-02-20 21:08:47.493 [restartedMain] WARN  org.springframework.data.convert.CustomConversions - Registering converter from class java.time.LocalDateTime to class org.joda.time.LocalDateTime as reading converter although it doesn't convert from a store-supported type! You might wanna check you annotation setup at the converter implementation.
2023-02-20 21:08:47.494 [restartedMain] WARN  org.springframework.data.convert.CustomConversions - Registering converter from class java.time.LocalDateTime to class org.joda.time.LocalDateTime as reading converter although it doesn't convert from a store-supported type! You might wanna check you annotation setup at the converter implementation.
2023-02-20 21:08:47.495 [restartedMain] WARN  org.springframework.data.convert.CustomConversions - Registering converter from class java.time.LocalDateTime to class java.time.Instant as reading converter although it doesn't convert from a store-supported type! You might wanna check you annotation setup at the converter implementation.
2023-02-20 21:08:47.495 [restartedMain] WARN  org.springframework.data.convert.CustomConversions - Registering converter from class java.time.Instant to class java.time.LocalDateTime as reading converter although it doesn't convert from a store-supported type! You might wanna check you annotation setup at the converter implementation.
2023-02-20 21:08:47.614 [restartedMain] WARN  o.s.b.d.autoconfigure.OptionalLiveReloadServer - Unable to start LiveReload server
2023-02-20 21:08:47.626 [restartedMain] WARN  o.s.d.m.c.index.MongoPersistentEntityIndexCreator - Automatic index creation will be disabled by default as of Spring Data MongoDB 3.x.
	Please use 'MongoMappingContext#setAutoIndexCreation(boolean)' or override 'MongoConfigurationSupport#autoIndexCreation()' to be explicit.
	However, we recommend setting up indices manually in an application ready block. You may use index derivation there as well.

	> -----------------------------------------------------------------------------------------
	> @EventListener(ApplicationReadyEvent.class)
	> public void initIndicesAfterStartup() {
	>
	>     IndexOperations indexOps = mongoTemplate.indexOps(DomainType.class);
	>
	>     IndexResolver resolver = new MongoPersistentEntityIndexResolver(mongoMappingContext);
	>     resolver.resolveIndexFor(DomainType.class).forEach(indexOps::ensureIndex);
	> }
	> -----------------------------------------------------------------------------------------

2023-02-20 21:08:56.237 [http-nio-8201-exec-1] WARN  o.s.w.s.m.m.a.ExceptionHandlerExceptionResolver - Resolved [java.lang.NullPointerException]
2023-02-20 21:21:24.644 [background-preinit] WARN  o.s.h.converter.json.Jackson2ObjectMapperBuilder - For Jackson Kotlin classes support please add "com.fasterxml.jackson.module:jackson-module-kotlin" to the classpath
2023-02-20 21:21:27.534 [restartedMain] WARN  org.springframework.data.convert.CustomConversions - Registering converter from class java.time.LocalDateTime to class org.joda.time.LocalDateTime as reading converter although it doesn't convert from a store-supported type! You might wanna check you annotation setup at the converter implementation.
2023-02-20 21:21:27.537 [restartedMain] WARN  org.springframework.data.convert.CustomConversions - Registering converter from class java.time.LocalDateTime to class org.joda.time.LocalDateTime as reading converter although it doesn't convert from a store-supported type! You might wanna check you annotation setup at the converter implementation.
2023-02-20 21:21:27.538 [restartedMain] WARN  org.springframework.data.convert.CustomConversions - Registering converter from class java.time.LocalDateTime to class java.time.Instant as reading converter although it doesn't convert from a store-supported type! You might wanna check you annotation setup at the converter implementation.
2023-02-20 21:21:27.539 [restartedMain] WARN  org.springframework.data.convert.CustomConversions - Registering converter from class java.time.Instant to class java.time.LocalDateTime as reading converter although it doesn't convert from a store-supported type! You might wanna check you annotation setup at the converter implementation.
2023-02-20 21:21:27.556 [restartedMain] WARN  org.springframework.data.convert.CustomConversions - Registering converter from class java.time.LocalDateTime to class org.joda.time.LocalDateTime as reading converter although it doesn't convert from a store-supported type! You might wanna check you annotation setup at the converter implementation.
2023-02-20 21:21:27.557 [restartedMain] WARN  org.springframework.data.convert.CustomConversions - Registering converter from class java.time.LocalDateTime to class org.joda.time.LocalDateTime as reading converter although it doesn't convert from a store-supported type! You might wanna check you annotation setup at the converter implementation.
2023-02-20 21:21:27.557 [restartedMain] WARN  org.springframework.data.convert.CustomConversions - Registering converter from class java.time.LocalDateTime to class java.time.Instant as reading converter although it doesn't convert from a store-supported type! You might wanna check you annotation setup at the converter implementation.
2023-02-20 21:21:27.558 [restartedMain] WARN  org.springframework.data.convert.CustomConversions - Registering converter from class java.time.Instant to class java.time.LocalDateTime as reading converter although it doesn't convert from a store-supported type! You might wanna check you annotation setup at the converter implementation.
2023-02-20 21:21:27.732 [restartedMain] WARN  o.s.b.d.autoconfigure.OptionalLiveReloadServer - Unable to start LiveReload server
2023-02-20 21:21:27.746 [restartedMain] WARN  o.s.d.m.c.index.MongoPersistentEntityIndexCreator - Automatic index creation will be disabled by default as of Spring Data MongoDB 3.x.
	Please use 'MongoMappingContext#setAutoIndexCreation(boolean)' or override 'MongoConfigurationSupport#autoIndexCreation()' to be explicit.
	However, we recommend setting up indices manually in an application ready block. You may use index derivation there as well.

	> -----------------------------------------------------------------------------------------
	> @EventListener(ApplicationReadyEvent.class)
	> public void initIndicesAfterStartup() {
	>
	>     IndexOperations indexOps = mongoTemplate.indexOps(DomainType.class);
	>
	>     IndexResolver resolver = new MongoPersistentEntityIndexResolver(mongoMappingContext);
	>     resolver.resolveIndexFor(DomainType.class).forEach(indexOps::ensureIndex);
	> }
	> -----------------------------------------------------------------------------------------

2023-02-20 21:21:43.283 [http-nio-8201-exec-1] WARN  o.s.w.s.m.m.a.ExceptionHandlerExceptionResolver - Resolved [java.lang.NullPointerException]
2023-02-20 21:22:15.055 [background-preinit] WARN  o.s.h.converter.json.Jackson2ObjectMapperBuilder - For Jackson Kotlin classes support please add "com.fasterxml.jackson.module:jackson-module-kotlin" to the classpath
2023-02-20 21:22:18.084 [restartedMain] WARN  org.springframework.data.convert.CustomConversions - Registering converter from class java.time.LocalDateTime to class org.joda.time.LocalDateTime as reading converter although it doesn't convert from a store-supported type! You might wanna check you annotation setup at the converter implementation.
2023-02-20 21:22:18.088 [restartedMain] WARN  org.springframework.data.convert.CustomConversions - Registering converter from class java.time.LocalDateTime to class org.joda.time.LocalDateTime as reading converter although it doesn't convert from a store-supported type! You might wanna check you annotation setup at the converter implementation.
2023-02-20 21:22:18.089 [restartedMain] WARN  org.springframework.data.convert.CustomConversions - Registering converter from class java.time.LocalDateTime to class java.time.Instant as reading converter although it doesn't convert from a store-supported type! You might wanna check you annotation setup at the converter implementation.
2023-02-20 21:22:18.090 [restartedMain] WARN  org.springframework.data.convert.CustomConversions - Registering converter from class java.time.Instant to class java.time.LocalDateTime as reading converter although it doesn't convert from a store-supported type! You might wanna check you annotation setup at the converter implementation.
2023-02-20 21:22:18.109 [restartedMain] WARN  org.springframework.data.convert.CustomConversions - Registering converter from class java.time.LocalDateTime to class org.joda.time.LocalDateTime as reading converter although it doesn't convert from a store-supported type! You might wanna check you annotation setup at the converter implementation.
2023-02-20 21:22:18.110 [restartedMain] WARN  org.springframework.data.convert.CustomConversions - Registering converter from class java.time.LocalDateTime to class org.joda.time.LocalDateTime as reading converter although it doesn't convert from a store-supported type! You might wanna check you annotation setup at the converter implementation.
2023-02-20 21:22:18.111 [restartedMain] WARN  org.springframework.data.convert.CustomConversions - Registering converter from class java.time.LocalDateTime to class java.time.Instant as reading converter although it doesn't convert from a store-supported type! You might wanna check you annotation setup at the converter implementation.
2023-02-20 21:22:18.111 [restartedMain] WARN  org.springframework.data.convert.CustomConversions - Registering converter from class java.time.Instant to class java.time.LocalDateTime as reading converter although it doesn't convert from a store-supported type! You might wanna check you annotation setup at the converter implementation.
2023-02-20 21:22:18.253 [restartedMain] WARN  o.s.b.d.autoconfigure.OptionalLiveReloadServer - Unable to start LiveReload server
2023-02-20 21:22:18.266 [restartedMain] WARN  o.s.d.m.c.index.MongoPersistentEntityIndexCreator - Automatic index creation will be disabled by default as of Spring Data MongoDB 3.x.
	Please use 'MongoMappingContext#setAutoIndexCreation(boolean)' or override 'MongoConfigurationSupport#autoIndexCreation()' to be explicit.
	However, we recommend setting up indices manually in an application ready block. You may use index derivation there as well.

	> -----------------------------------------------------------------------------------------
	> @EventListener(ApplicationReadyEvent.class)
	> public void initIndicesAfterStartup() {
	>
	>     IndexOperations indexOps = mongoTemplate.indexOps(DomainType.class);
	>
	>     IndexResolver resolver = new MongoPersistentEntityIndexResolver(mongoMappingContext);
	>     resolver.resolveIndexFor(DomainType.class).forEach(indexOps::ensureIndex);
	> }
	> -----------------------------------------------------------------------------------------

2023-02-20 21:22:26.179 [http-nio-8201-exec-1] WARN  o.s.w.s.m.m.a.ExceptionHandlerExceptionResolver - Resolved [java.lang.NullPointerException]
2023-02-20 21:27:34.133 [background-preinit] WARN  o.s.h.converter.json.Jackson2ObjectMapperBuilder - For Jackson Kotlin classes support please add "com.fasterxml.jackson.module:jackson-module-kotlin" to the classpath
2023-02-20 21:27:37.459 [restartedMain] WARN  org.springframework.data.convert.CustomConversions - Registering converter from class java.time.LocalDateTime to class org.joda.time.LocalDateTime as reading converter although it doesn't convert from a store-supported type! You might wanna check you annotation setup at the converter implementation.
2023-02-20 21:27:37.462 [restartedMain] WARN  org.springframework.data.convert.CustomConversions - Registering converter from class java.time.LocalDateTime to class org.joda.time.LocalDateTime as reading converter although it doesn't convert from a store-supported type! You might wanna check you annotation setup at the converter implementation.
2023-02-20 21:27:37.463 [restartedMain] WARN  org.springframework.data.convert.CustomConversions - Registering converter from class java.time.LocalDateTime to class java.time.Instant as reading converter although it doesn't convert from a store-supported type! You might wanna check you annotation setup at the converter implementation.
2023-02-20 21:27:37.463 [restartedMain] WARN  org.springframework.data.convert.CustomConversions - Registering converter from class java.time.Instant to class java.time.LocalDateTime as reading converter although it doesn't convert from a store-supported type! You might wanna check you annotation setup at the converter implementation.
2023-02-20 21:27:37.481 [restartedMain] WARN  org.springframework.data.convert.CustomConversions - Registering converter from class java.time.LocalDateTime to class org.joda.time.LocalDateTime as reading converter although it doesn't convert from a store-supported type! You might wanna check you annotation setup at the converter implementation.
2023-02-20 21:27:37.482 [restartedMain] WARN  org.springframework.data.convert.CustomConversions - Registering converter from class java.time.LocalDateTime to class org.joda.time.LocalDateTime as reading converter although it doesn't convert from a store-supported type! You might wanna check you annotation setup at the converter implementation.
2023-02-20 21:27:37.482 [restartedMain] WARN  org.springframework.data.convert.CustomConversions - Registering converter from class java.time.LocalDateTime to class java.time.Instant as reading converter although it doesn't convert from a store-supported type! You might wanna check you annotation setup at the converter implementation.
2023-02-20 21:27:37.482 [restartedMain] WARN  org.springframework.data.convert.CustomConversions - Registering converter from class java.time.Instant to class java.time.LocalDateTime as reading converter although it doesn't convert from a store-supported type! You might wanna check you annotation setup at the converter implementation.
2023-02-20 21:27:37.622 [restartedMain] WARN  o.s.b.d.autoconfigure.OptionalLiveReloadServer - Unable to start LiveReload server
2023-02-20 21:27:37.637 [restartedMain] WARN  o.s.d.m.c.index.MongoPersistentEntityIndexCreator - Automatic index creation will be disabled by default as of Spring Data MongoDB 3.x.
	Please use 'MongoMappingContext#setAutoIndexCreation(boolean)' or override 'MongoConfigurationSupport#autoIndexCreation()' to be explicit.
	However, we recommend setting up indices manually in an application ready block. You may use index derivation there as well.

	> -----------------------------------------------------------------------------------------
	> @EventListener(ApplicationReadyEvent.class)
	> public void initIndicesAfterStartup() {
	>
	>     IndexOperations indexOps = mongoTemplate.indexOps(DomainType.class);
	>
	>     IndexResolver resolver = new MongoPersistentEntityIndexResolver(mongoMappingContext);
	>     resolver.resolveIndexFor(DomainType.class).forEach(indexOps::ensureIndex);
	> }
	> -----------------------------------------------------------------------------------------

2023-02-20 21:27:50.391 [http-nio-8201-exec-3] WARN  o.s.w.s.m.m.a.ExceptionHandlerExceptionResolver - Resolved [java.lang.NullPointerException]
2023-02-20 21:37:08.619 [background-preinit] WARN  o.s.h.converter.json.Jackson2ObjectMapperBuilder - For Jackson Kotlin classes support please add "com.fasterxml.jackson.module:jackson-module-kotlin" to the classpath
2023-02-20 21:37:11.356 [restartedMain] WARN  org.springframework.data.convert.CustomConversions - Registering converter from class java.time.LocalDateTime to class org.joda.time.LocalDateTime as reading converter although it doesn't convert from a store-supported type! You might wanna check you annotation setup at the converter implementation.
2023-02-20 21:37:11.359 [restartedMain] WARN  org.springframework.data.convert.CustomConversions - Registering converter from class java.time.LocalDateTime to class org.joda.time.LocalDateTime as reading converter although it doesn't convert from a store-supported type! You might wanna check you annotation setup at the converter implementation.
2023-02-20 21:37:11.360 [restartedMain] WARN  org.springframework.data.convert.CustomConversions - Registering converter from class java.time.LocalDateTime to class java.time.Instant as reading converter although it doesn't convert from a store-supported type! You might wanna check you annotation setup at the converter implementation.
2023-02-20 21:37:11.360 [restartedMain] WARN  org.springframework.data.convert.CustomConversions - Registering converter from class java.time.Instant to class java.time.LocalDateTime as reading converter although it doesn't convert from a store-supported type! You might wanna check you annotation setup at the converter implementation.
2023-02-20 21:37:11.373 [restartedMain] WARN  org.springframework.data.convert.CustomConversions - Registering converter from class java.time.LocalDateTime to class org.joda.time.LocalDateTime as reading converter although it doesn't convert from a store-supported type! You might wanna check you annotation setup at the converter implementation.
2023-02-20 21:37:11.374 [restartedMain] WARN  org.springframework.data.convert.CustomConversions - Registering converter from class java.time.LocalDateTime to class org.joda.time.LocalDateTime as reading converter although it doesn't convert from a store-supported type! You might wanna check you annotation setup at the converter implementation.
2023-02-20 21:37:11.374 [restartedMain] WARN  org.springframework.data.convert.CustomConversions - Registering converter from class java.time.LocalDateTime to class java.time.Instant as reading converter although it doesn't convert from a store-supported type! You might wanna check you annotation setup at the converter implementation.
2023-02-20 21:37:11.374 [restartedMain] WARN  org.springframework.data.convert.CustomConversions - Registering converter from class java.time.Instant to class java.time.LocalDateTime as reading converter although it doesn't convert from a store-supported type! You might wanna check you annotation setup at the converter implementation.
2023-02-20 21:37:11.490 [restartedMain] WARN  o.s.b.d.autoconfigure.OptionalLiveReloadServer - Unable to start LiveReload server
2023-02-20 21:37:11.501 [restartedMain] WARN  o.s.d.m.c.index.MongoPersistentEntityIndexCreator - Automatic index creation will be disabled by default as of Spring Data MongoDB 3.x.
	Please use 'MongoMappingContext#setAutoIndexCreation(boolean)' or override 'MongoConfigurationSupport#autoIndexCreation()' to be explicit.
	However, we recommend setting up indices manually in an application ready block. You may use index derivation there as well.

	> -----------------------------------------------------------------------------------------
	> @EventListener(ApplicationReadyEvent.class)
	> public void initIndicesAfterStartup() {
	>
	>     IndexOperations indexOps = mongoTemplate.indexOps(DomainType.class);
	>
	>     IndexResolver resolver = new MongoPersistentEntityIndexResolver(mongoMappingContext);
	>     resolver.resolveIndexFor(DomainType.class).forEach(indexOps::ensureIndex);
	> }
	> -----------------------------------------------------------------------------------------

2023-02-20 21:39:11.049 [http-nio-8201-exec-1] WARN  o.s.w.s.m.m.a.ExceptionHandlerExceptionResolver - Resolved [java.lang.NullPointerException]
2023-02-20 21:42:06.847 [background-preinit] WARN  o.s.h.converter.json.Jackson2ObjectMapperBuilder - For Jackson Kotlin classes support please add "com.fasterxml.jackson.module:jackson-module-kotlin" to the classpath
2023-02-20 21:42:10.012 [restartedMain] WARN  org.springframework.data.convert.CustomConversions - Registering converter from class java.time.LocalDateTime to class org.joda.time.LocalDateTime as reading converter although it doesn't convert from a store-supported type! You might wanna check you annotation setup at the converter implementation.
2023-02-20 21:42:10.017 [restartedMain] WARN  org.springframework.data.convert.CustomConversions - Registering converter from class java.time.LocalDateTime to class org.joda.time.LocalDateTime as reading converter although it doesn't convert from a store-supported type! You might wanna check you annotation setup at the converter implementation.
2023-02-20 21:42:10.019 [restartedMain] WARN  org.springframework.data.convert.CustomConversions - Registering converter from class java.time.LocalDateTime to class java.time.Instant as reading converter although it doesn't convert from a store-supported type! You might wanna check you annotation setup at the converter implementation.
2023-02-20 21:42:10.019 [restartedMain] WARN  org.springframework.data.convert.CustomConversions - Registering converter from class java.time.Instant to class java.time.LocalDateTime as reading converter although it doesn't convert from a store-supported type! You might wanna check you annotation setup at the converter implementation.
2023-02-20 21:42:10.034 [restartedMain] WARN  org.springframework.data.convert.CustomConversions - Registering converter from class java.time.LocalDateTime to class org.joda.time.LocalDateTime as reading converter although it doesn't convert from a store-supported type! You might wanna check you annotation setup at the converter implementation.
2023-02-20 21:42:10.035 [restartedMain] WARN  org.springframework.data.convert.CustomConversions - Registering converter from class java.time.LocalDateTime to class org.joda.time.LocalDateTime as reading converter although it doesn't convert from a store-supported type! You might wanna check you annotation setup at the converter implementation.
2023-02-20 21:42:10.035 [restartedMain] WARN  org.springframework.data.convert.CustomConversions - Registering converter from class java.time.LocalDateTime to class java.time.Instant as reading converter although it doesn't convert from a store-supported type! You might wanna check you annotation setup at the converter implementation.
2023-02-20 21:42:10.035 [restartedMain] WARN  org.springframework.data.convert.CustomConversions - Registering converter from class java.time.Instant to class java.time.LocalDateTime as reading converter although it doesn't convert from a store-supported type! You might wanna check you annotation setup at the converter implementation.
2023-02-20 21:42:10.189 [restartedMain] WARN  o.s.b.d.autoconfigure.OptionalLiveReloadServer - Unable to start LiveReload server
2023-02-20 21:42:10.204 [restartedMain] WARN  o.s.d.m.c.index.MongoPersistentEntityIndexCreator - Automatic index creation will be disabled by default as of Spring Data MongoDB 3.x.
	Please use 'MongoMappingContext#setAutoIndexCreation(boolean)' or override 'MongoConfigurationSupport#autoIndexCreation()' to be explicit.
	However, we recommend setting up indices manually in an application ready block. You may use index derivation there as well.

	> -----------------------------------------------------------------------------------------
	> @EventListener(ApplicationReadyEvent.class)
	> public void initIndicesAfterStartup() {
	>
	>     IndexOperations indexOps = mongoTemplate.indexOps(DomainType.class);
	>
	>     IndexResolver resolver = new MongoPersistentEntityIndexResolver(mongoMappingContext);
	>     resolver.resolveIndexFor(DomainType.class).forEach(indexOps::ensureIndex);
	> }
	> -----------------------------------------------------------------------------------------

2023-02-20 21:45:59.735 [http-nio-8201-exec-2] WARN  o.s.w.s.m.m.a.ExceptionHandlerExceptionResolver - Failure in @ExceptionHandler com.chy.yygh.common.exception.GlobalExceptionHandler#error(Exception)
org.apache.catalina.connector.ClientAbortException: java.io.IOException: 你的主机中的软件中止了一个已建立的连接。
	at org.apache.catalina.connector.OutputBuffer.doFlush(OutputBuffer.java:309)
	at org.apache.catalina.connector.OutputBuffer.flush(OutputBuffer.java:272)
	at org.apache.catalina.connector.CoyoteOutputStream.flush(CoyoteOutputStream.java:118)
	at com.fasterxml.jackson.core.json.UTF8JsonGenerator.flush(UTF8JsonGenerator.java:1153)
	at com.fasterxml.jackson.databind.ObjectWriter.writeValue(ObjectWriter.java:923)
	at org.springframework.http.converter.json.AbstractJackson2HttpMessageConverter.writeInternal(AbstractJackson2HttpMessageConverter.java:287)
	at org.springframework.http.converter.AbstractGenericHttpMessageConverter.write(AbstractGenericHttpMessageConverter.java:104)
	at org.springframework.web.servlet.mvc.method.annotation.AbstractMessageConverterMethodProcessor.writeWithMessageConverters(AbstractMessageConverterMethodProcessor.java:295)
	at org.springframework.web.servlet.mvc.method.annotation.RequestResponseBodyMethodProcessor.handleReturnValue(RequestResponseBodyMethodProcessor.java:181)
	at org.springframework.web.method.support.HandlerMethodReturnValueHandlerComposite.handleReturnValue(HandlerMethodReturnValueHandlerComposite.java:82)
	at org.springframework.web.servlet.mvc.method.annotation.ServletInvocableHandlerMethod.invokeAndHandle(ServletInvocableHandlerMethod.java:124)
	at org.springframework.web.servlet.mvc.method.annotation.ExceptionHandlerExceptionResolver.doResolveHandlerMethodException(ExceptionHandlerExceptionResolver.java:403)
	at org.springframework.web.servlet.handler.AbstractHandlerMethodExceptionResolver.doResolveException(AbstractHandlerMethodExceptionResolver.java:61)
	at org.springframework.web.servlet.handler.AbstractHandlerExceptionResolver.resolveException(AbstractHandlerExceptionResolver.java:141)
	at org.springframework.web.servlet.handler.HandlerExceptionResolverComposite.resolveException(HandlerExceptionResolverComposite.java:80)
	at org.springframework.web.servlet.DispatcherServlet.processHandlerException(DispatcherServlet.java:1300)
	at org.springframework.web.servlet.DispatcherServlet.processDispatchResult(DispatcherServlet.java:1111)
	at org.springframework.web.servlet.DispatcherServlet.doDispatch(DispatcherServlet.java:1057)
	at org.springframework.web.servlet.DispatcherServlet.doService(DispatcherServlet.java:943)
	at org.springframework.web.servlet.FrameworkServlet.processRequest(FrameworkServlet.java:1006)
	at org.springframework.web.servlet.FrameworkServlet.doPost(FrameworkServlet.java:909)
	at javax.servlet.http.HttpServlet.service(HttpServlet.java:660)
	at org.springframework.web.servlet.FrameworkServlet.service(FrameworkServlet.java:883)
	at javax.servlet.http.HttpServlet.service(HttpServlet.java:741)
	at org.apache.catalina.core.ApplicationFilterChain.internalDoFilter(ApplicationFilterChain.java:231)
	at org.apache.catalina.core.ApplicationFilterChain.doFilter(ApplicationFilterChain.java:166)
	at org.apache.tomcat.websocket.server.WsFilter.doFilter(WsFilter.java:53)
	at org.apache.catalina.core.ApplicationFilterChain.internalDoFilter(ApplicationFilterChain.java:193)
	at org.apache.catalina.core.ApplicationFilterChain.doFilter(ApplicationFilterChain.java:166)
	at org.springframework.web.filter.RequestContextFilter.doFilterInternal(RequestContextFilter.java:100)
	at org.springframework.web.filter.OncePerRequestFilter.doFilter(OncePerRequestFilter.java:119)
	at org.apache.catalina.core.ApplicationFilterChain.internalDoFilter(ApplicationFilterChain.java:193)
	at org.apache.catalina.core.ApplicationFilterChain.doFilter(ApplicationFilterChain.java:166)
	at org.springframework.web.filter.FormContentFilter.doFilterInternal(FormContentFilter.java:93)
	at org.springframework.web.filter.OncePerRequestFilter.doFilter(OncePerRequestFilter.java:119)
	at org.apache.catalina.core.ApplicationFilterChain.internalDoFilter(ApplicationFilterChain.java:193)
	at org.apache.catalina.core.ApplicationFilterChain.doFilter(ApplicationFilterChain.java:166)
	at org.springframework.web.filter.CharacterEncodingFilter.doFilterInternal(CharacterEncodingFilter.java:201)
	at org.springframework.web.filter.OncePerRequestFilter.doFilter(OncePerRequestFilter.java:119)
	at org.apache.catalina.core.ApplicationFilterChain.internalDoFilter(ApplicationFilterChain.java:193)
	at org.apache.catalina.core.ApplicationFilterChain.doFilter(ApplicationFilterChain.java:166)
	at org.apache.catalina.core.StandardWrapperValve.invoke(StandardWrapperValve.java:202)
	at org.apache.catalina.core.StandardContextValve.invoke(StandardContextValve.java:96)
	at org.apache.catalina.authenticator.AuthenticatorBase.invoke(AuthenticatorBase.java:526)
	at org.apache.catalina.core.StandardHostValve.invoke(StandardHostValve.java:139)
	at org.apache.catalina.valves.ErrorReportValve.invoke(ErrorReportValve.java:92)
	at org.apache.catalina.core.StandardEngineValve.invoke(StandardEngineValve.java:74)
	at org.apache.catalina.connector.CoyoteAdapter.service(CoyoteAdapter.java:343)
	at org.apache.coyote.http11.Http11Processor.service(Http11Processor.java:408)
	at org.apache.coyote.AbstractProcessorLight.process(AbstractProcessorLight.java:66)
	at org.apache.coyote.AbstractProtocol$ConnectionHandler.process(AbstractProtocol.java:861)
	at org.apache.tomcat.util.net.NioEndpoint$SocketProcessor.doRun(NioEndpoint.java:1579)
	at org.apache.tomcat.util.net.SocketProcessorBase.run(SocketProcessorBase.java:49)
	at java.util.concurrent.ThreadPoolExecutor.runWorker(ThreadPoolExecutor.java:1149)
	at java.util.concurrent.ThreadPoolExecutor$Worker.run(ThreadPoolExecutor.java:624)
	at org.apache.tomcat.util.threads.TaskThread$WrappingRunnable.run(TaskThread.java:61)
	at java.lang.Thread.run(Thread.java:748)
Caused by: java.io.IOException: 你的主机中的软件中止了一个已建立的连接。
	at sun.nio.ch.SocketDispatcher.write0(Native Method)
	at sun.nio.ch.SocketDispatcher.write(SocketDispatcher.java:51)
	at sun.nio.ch.IOUtil.writeFromNativeBuffer(IOUtil.java:93)
	at sun.nio.ch.IOUtil.write(IOUtil.java:65)
	at sun.nio.ch.SocketChannelImpl.write(SocketChannelImpl.java:470)
	at org.apache.tomcat.util.net.NioChannel.write(NioChannel.java:138)
	at org.apache.tomcat.util.net.NioBlockingSelector.write(NioBlockingSelector.java:101)
	at org.apache.tomcat.util.net.NioSelectorPool.write(NioSelectorPool.java:152)
	at org.apache.tomcat.util.net.NioEndpoint$NioSocketWrapper.doWrite(NioEndpoint.java:1251)
	at org.apache.tomcat.util.net.SocketWrapperBase.doWrite(SocketWrapperBase.java:801)
	at org.apache.tomcat.util.net.SocketWrapperBase.flushBlocking(SocketWrapperBase.java:754)
	at org.apache.tomcat.util.net.SocketWrapperBase.flush(SocketWrapperBase.java:744)
	at org.apache.coyote.http11.Http11OutputBuffer$SocketOutputBuffer.flush(Http11OutputBuffer.java:564)
	at org.apache.coyote.http11.filters.ChunkedOutputFilter.flush(ChunkedOutputFilter.java:157)
	at org.apache.coyote.http11.Http11OutputBuffer.flush(Http11OutputBuffer.java:217)
	at org.apache.coyote.http11.Http11Processor.flush(Http11Processor.java:1156)
	at org.apache.coyote.AbstractProcessor.action(AbstractProcessor.java:395)
	at org.apache.coyote.Response.action(Response.java:209)
	at org.apache.catalina.connector.OutputBuffer.doFlush(OutputBuffer.java:305)
	... 56 common frames omitted
2023-02-20 21:46:04.687 [background-preinit] WARN  o.s.h.converter.json.Jackson2ObjectMapperBuilder - For Jackson Kotlin classes support please add "com.fasterxml.jackson.module:jackson-module-kotlin" to the classpath
2023-02-20 21:46:06.951 [restartedMain] WARN  org.springframework.data.convert.CustomConversions - Registering converter from class java.time.LocalDateTime to class org.joda.time.LocalDateTime as reading converter although it doesn't convert from a store-supported type! You might wanna check you annotation setup at the converter implementation.
2023-02-20 21:46:06.953 [restartedMain] WARN  org.springframework.data.convert.CustomConversions - Registering converter from class java.time.LocalDateTime to class org.joda.time.LocalDateTime as reading converter although it doesn't convert from a store-supported type! You might wanna check you annotation setup at the converter implementation.
2023-02-20 21:46:06.954 [restartedMain] WARN  org.springframework.data.convert.CustomConversions - Registering converter from class java.time.LocalDateTime to class java.time.Instant as reading converter although it doesn't convert from a store-supported type! You might wanna check you annotation setup at the converter implementation.
2023-02-20 21:46:06.954 [restartedMain] WARN  org.springframework.data.convert.CustomConversions - Registering converter from class java.time.Instant to class java.time.LocalDateTime as reading converter although it doesn't convert from a store-supported type! You might wanna check you annotation setup at the converter implementation.
2023-02-20 21:46:06.966 [restartedMain] WARN  org.springframework.data.convert.CustomConversions - Registering converter from class java.time.LocalDateTime to class org.joda.time.LocalDateTime as reading converter although it doesn't convert from a store-supported type! You might wanna check you annotation setup at the converter implementation.
2023-02-20 21:46:06.966 [restartedMain] WARN  org.springframework.data.convert.CustomConversions - Registering converter from class java.time.LocalDateTime to class org.joda.time.LocalDateTime as reading converter although it doesn't convert from a store-supported type! You might wanna check you annotation setup at the converter implementation.
2023-02-20 21:46:06.967 [restartedMain] WARN  org.springframework.data.convert.CustomConversions - Registering converter from class java.time.LocalDateTime to class java.time.Instant as reading converter although it doesn't convert from a store-supported type! You might wanna check you annotation setup at the converter implementation.
2023-02-20 21:46:06.967 [restartedMain] WARN  org.springframework.data.convert.CustomConversions - Registering converter from class java.time.Instant to class java.time.LocalDateTime as reading converter although it doesn't convert from a store-supported type! You might wanna check you annotation setup at the converter implementation.
2023-02-20 21:46:07.070 [restartedMain] WARN  o.s.b.d.autoconfigure.OptionalLiveReloadServer - Unable to start LiveReload server
2023-02-20 21:46:07.081 [restartedMain] WARN  o.s.d.m.c.index.MongoPersistentEntityIndexCreator - Automatic index creation will be disabled by default as of Spring Data MongoDB 3.x.
	Please use 'MongoMappingContext#setAutoIndexCreation(boolean)' or override 'MongoConfigurationSupport#autoIndexCreation()' to be explicit.
	However, we recommend setting up indices manually in an application ready block. You may use index derivation there as well.

	> -----------------------------------------------------------------------------------------
	> @EventListener(ApplicationReadyEvent.class)
	> public void initIndicesAfterStartup() {
	>
	>     IndexOperations indexOps = mongoTemplate.indexOps(DomainType.class);
	>
	>     IndexResolver resolver = new MongoPersistentEntityIndexResolver(mongoMappingContext);
	>     resolver.resolveIndexFor(DomainType.class).forEach(indexOps::ensureIndex);
	> }
	> -----------------------------------------------------------------------------------------

2023-02-20 21:46:14.818 [background-preinit] WARN  o.s.h.converter.json.Jackson2ObjectMapperBuilder - For Jackson Kotlin classes support please add "com.fasterxml.jackson.module:jackson-module-kotlin" to the classpath
2023-02-20 21:46:18.354 [restartedMain] WARN  org.springframework.data.convert.CustomConversions - Registering converter from class java.time.LocalDateTime to class org.joda.time.LocalDateTime as reading converter although it doesn't convert from a store-supported type! You might wanna check you annotation setup at the converter implementation.
2023-02-20 21:46:18.358 [restartedMain] WARN  org.springframework.data.convert.CustomConversions - Registering converter from class java.time.LocalDateTime to class org.joda.time.LocalDateTime as reading converter although it doesn't convert from a store-supported type! You might wanna check you annotation setup at the converter implementation.
2023-02-20 21:46:18.360 [restartedMain] WARN  org.springframework.data.convert.CustomConversions - Registering converter from class java.time.LocalDateTime to class java.time.Instant as reading converter although it doesn't convert from a store-supported type! You might wanna check you annotation setup at the converter implementation.
2023-02-20 21:46:18.360 [restartedMain] WARN  org.springframework.data.convert.CustomConversions - Registering converter from class java.time.Instant to class java.time.LocalDateTime as reading converter although it doesn't convert from a store-supported type! You might wanna check you annotation setup at the converter implementation.
2023-02-20 21:46:18.382 [restartedMain] WARN  org.springframework.data.convert.CustomConversions - Registering converter from class java.time.LocalDateTime to class org.joda.time.LocalDateTime as reading converter although it doesn't convert from a store-supported type! You might wanna check you annotation setup at the converter implementation.
2023-02-20 21:46:18.383 [restartedMain] WARN  org.springframework.data.convert.CustomConversions - Registering converter from class java.time.LocalDateTime to class org.joda.time.LocalDateTime as reading converter although it doesn't convert from a store-supported type! You might wanna check you annotation setup at the converter implementation.
2023-02-20 21:46:18.383 [restartedMain] WARN  org.springframework.data.convert.CustomConversions - Registering converter from class java.time.LocalDateTime to class java.time.Instant as reading converter although it doesn't convert from a store-supported type! You might wanna check you annotation setup at the converter implementation.
2023-02-20 21:46:18.384 [restartedMain] WARN  org.springframework.data.convert.CustomConversions - Registering converter from class java.time.Instant to class java.time.LocalDateTime as reading converter although it doesn't convert from a store-supported type! You might wanna check you annotation setup at the converter implementation.
2023-02-20 21:46:18.566 [restartedMain] WARN  o.s.d.m.c.index.MongoPersistentEntityIndexCreator - Automatic index creation will be disabled by default as of Spring Data MongoDB 3.x.
	Please use 'MongoMappingContext#setAutoIndexCreation(boolean)' or override 'MongoConfigurationSupport#autoIndexCreation()' to be explicit.
	However, we recommend setting up indices manually in an application ready block. You may use index derivation there as well.

	> -----------------------------------------------------------------------------------------
	> @EventListener(ApplicationReadyEvent.class)
	> public void initIndicesAfterStartup() {
	>
	>     IndexOperations indexOps = mongoTemplate.indexOps(DomainType.class);
	>
	>     IndexResolver resolver = new MongoPersistentEntityIndexResolver(mongoMappingContext);
	>     resolver.resolveIndexFor(DomainType.class).forEach(indexOps::ensureIndex);
	> }
	> -----------------------------------------------------------------------------------------

2023-02-20 23:22:02.332 [background-preinit] WARN  o.s.h.converter.json.Jackson2ObjectMapperBuilder - For Jackson Kotlin classes support please add "com.fasterxml.jackson.module:jackson-module-kotlin" to the classpath
2023-02-20 23:22:06.099 [restartedMain] WARN  org.springframework.data.convert.CustomConversions - Registering converter from class java.time.LocalDateTime to class org.joda.time.LocalDateTime as reading converter although it doesn't convert from a store-supported type! You might wanna check you annotation setup at the converter implementation.
2023-02-20 23:22:06.103 [restartedMain] WARN  org.springframework.data.convert.CustomConversions - Registering converter from class java.time.LocalDateTime to class org.joda.time.LocalDateTime as reading converter although it doesn't convert from a store-supported type! You might wanna check you annotation setup at the converter implementation.
2023-02-20 23:22:06.105 [restartedMain] WARN  org.springframework.data.convert.CustomConversions - Registering converter from class java.time.LocalDateTime to class java.time.Instant as reading converter although it doesn't convert from a store-supported type! You might wanna check you annotation setup at the converter implementation.
2023-02-20 23:22:06.106 [restartedMain] WARN  org.springframework.data.convert.CustomConversions - Registering converter from class java.time.Instant to class java.time.LocalDateTime as reading converter although it doesn't convert from a store-supported type! You might wanna check you annotation setup at the converter implementation.
2023-02-20 23:22:06.122 [restartedMain] WARN  org.springframework.data.convert.CustomConversions - Registering converter from class java.time.LocalDateTime to class org.joda.time.LocalDateTime as reading converter although it doesn't convert from a store-supported type! You might wanna check you annotation setup at the converter implementation.
2023-02-20 23:22:06.123 [restartedMain] WARN  org.springframework.data.convert.CustomConversions - Registering converter from class java.time.LocalDateTime to class org.joda.time.LocalDateTime as reading converter although it doesn't convert from a store-supported type! You might wanna check you annotation setup at the converter implementation.
2023-02-20 23:22:06.124 [restartedMain] WARN  org.springframework.data.convert.CustomConversions - Registering converter from class java.time.LocalDateTime to class java.time.Instant as reading converter although it doesn't convert from a store-supported type! You might wanna check you annotation setup at the converter implementation.
2023-02-20 23:22:06.124 [restartedMain] WARN  org.springframework.data.convert.CustomConversions - Registering converter from class java.time.Instant to class java.time.LocalDateTime as reading converter although it doesn't convert from a store-supported type! You might wanna check you annotation setup at the converter implementation.
2023-02-20 23:22:06.271 [restartedMain] WARN  o.s.b.d.autoconfigure.OptionalLiveReloadServer - Unable to start LiveReload server
2023-02-20 23:22:06.286 [restartedMain] WARN  o.s.d.m.c.index.MongoPersistentEntityIndexCreator - Automatic index creation will be disabled by default as of Spring Data MongoDB 3.x.
	Please use 'MongoMappingContext#setAutoIndexCreation(boolean)' or override 'MongoConfigurationSupport#autoIndexCreation()' to be explicit.
	However, we recommend setting up indices manually in an application ready block. You may use index derivation there as well.

	> -----------------------------------------------------------------------------------------
	> @EventListener(ApplicationReadyEvent.class)
	> public void initIndicesAfterStartup() {
	>
	>     IndexOperations indexOps = mongoTemplate.indexOps(DomainType.class);
	>
	>     IndexResolver resolver = new MongoPersistentEntityIndexResolver(mongoMappingContext);
	>     resolver.resolveIndexFor(DomainType.class).forEach(indexOps::ensureIndex);
	> }
	> -----------------------------------------------------------------------------------------

2023-02-20 23:41:11.497 [background-preinit] WARN  o.s.h.converter.json.Jackson2ObjectMapperBuilder - For Jackson Kotlin classes support please add "com.fasterxml.jackson.module:jackson-module-kotlin" to the classpath
2023-02-20 23:41:14.663 [restartedMain] WARN  org.springframework.data.convert.CustomConversions - Registering converter from class java.time.LocalDateTime to class org.joda.time.LocalDateTime as reading converter although it doesn't convert from a store-supported type! You might wanna check you annotation setup at the converter implementation.
2023-02-20 23:41:14.666 [restartedMain] WARN  org.springframework.data.convert.CustomConversions - Registering converter from class java.time.LocalDateTime to class org.joda.time.LocalDateTime as reading converter although it doesn't convert from a store-supported type! You might wanna check you annotation setup at the converter implementation.
2023-02-20 23:41:14.667 [restartedMain] WARN  org.springframework.data.convert.CustomConversions - Registering converter from class java.time.LocalDateTime to class java.time.Instant as reading converter although it doesn't convert from a store-supported type! You might wanna check you annotation setup at the converter implementation.
2023-02-20 23:41:14.668 [restartedMain] WARN  org.springframework.data.convert.CustomConversions - Registering converter from class java.time.Instant to class java.time.LocalDateTime as reading converter although it doesn't convert from a store-supported type! You might wanna check you annotation setup at the converter implementation.
2023-02-20 23:41:14.684 [restartedMain] WARN  org.springframework.data.convert.CustomConversions - Registering converter from class java.time.LocalDateTime to class org.joda.time.LocalDateTime as reading converter although it doesn't convert from a store-supported type! You might wanna check you annotation setup at the converter implementation.
2023-02-20 23:41:14.685 [restartedMain] WARN  org.springframework.data.convert.CustomConversions - Registering converter from class java.time.LocalDateTime to class org.joda.time.LocalDateTime as reading converter although it doesn't convert from a store-supported type! You might wanna check you annotation setup at the converter implementation.
2023-02-20 23:41:14.686 [restartedMain] WARN  org.springframework.data.convert.CustomConversions - Registering converter from class java.time.LocalDateTime to class java.time.Instant as reading converter although it doesn't convert from a store-supported type! You might wanna check you annotation setup at the converter implementation.
2023-02-20 23:41:14.687 [restartedMain] WARN  org.springframework.data.convert.CustomConversions - Registering converter from class java.time.Instant to class java.time.LocalDateTime as reading converter although it doesn't convert from a store-supported type! You might wanna check you annotation setup at the converter implementation.
2023-02-20 23:41:14.838 [restartedMain] WARN  o.s.b.d.autoconfigure.OptionalLiveReloadServer - Unable to start LiveReload server
2023-02-20 23:41:14.853 [restartedMain] WARN  o.s.d.m.c.index.MongoPersistentEntityIndexCreator - Automatic index creation will be disabled by default as of Spring Data MongoDB 3.x.
	Please use 'MongoMappingContext#setAutoIndexCreation(boolean)' or override 'MongoConfigurationSupport#autoIndexCreation()' to be explicit.
	However, we recommend setting up indices manually in an application ready block. You may use index derivation there as well.

	> -----------------------------------------------------------------------------------------
	> @EventListener(ApplicationReadyEvent.class)
	> public void initIndicesAfterStartup() {
	>
	>     IndexOperations indexOps = mongoTemplate.indexOps(DomainType.class);
	>
	>     IndexResolver resolver = new MongoPersistentEntityIndexResolver(mongoMappingContext);
	>     resolver.resolveIndexFor(DomainType.class).forEach(indexOps::ensureIndex);
	> }
	> -----------------------------------------------------------------------------------------

2023-02-20 23:43:24.361 [background-preinit] WARN  o.s.h.converter.json.Jackson2ObjectMapperBuilder - For Jackson Kotlin classes support please add "com.fasterxml.jackson.module:jackson-module-kotlin" to the classpath
2023-02-20 23:43:27.360 [restartedMain] WARN  org.springframework.data.convert.CustomConversions - Registering converter from class java.time.LocalDateTime to class org.joda.time.LocalDateTime as reading converter although it doesn't convert from a store-supported type! You might wanna check you annotation setup at the converter implementation.
2023-02-20 23:43:27.363 [restartedMain] WARN  org.springframework.data.convert.CustomConversions - Registering converter from class java.time.LocalDateTime to class org.joda.time.LocalDateTime as reading converter although it doesn't convert from a store-supported type! You might wanna check you annotation setup at the converter implementation.
2023-02-20 23:43:27.364 [restartedMain] WARN  org.springframework.data.convert.CustomConversions - Registering converter from class java.time.LocalDateTime to class java.time.Instant as reading converter although it doesn't convert from a store-supported type! You might wanna check you annotation setup at the converter implementation.
2023-02-20 23:43:27.364 [restartedMain] WARN  org.springframework.data.convert.CustomConversions - Registering converter from class java.time.Instant to class java.time.LocalDateTime as reading converter although it doesn't convert from a store-supported type! You might wanna check you annotation setup at the converter implementation.
2023-02-20 23:43:27.379 [restartedMain] WARN  org.springframework.data.convert.CustomConversions - Registering converter from class java.time.LocalDateTime to class org.joda.time.LocalDateTime as reading converter although it doesn't convert from a store-supported type! You might wanna check you annotation setup at the converter implementation.
2023-02-20 23:43:27.380 [restartedMain] WARN  org.springframework.data.convert.CustomConversions - Registering converter from class java.time.LocalDateTime to class org.joda.time.LocalDateTime as reading converter although it doesn't convert from a store-supported type! You might wanna check you annotation setup at the converter implementation.
2023-02-20 23:43:27.380 [restartedMain] WARN  org.springframework.data.convert.CustomConversions - Registering converter from class java.time.LocalDateTime to class java.time.Instant as reading converter although it doesn't convert from a store-supported type! You might wanna check you annotation setup at the converter implementation.
2023-02-20 23:43:27.380 [restartedMain] WARN  org.springframework.data.convert.CustomConversions - Registering converter from class java.time.Instant to class java.time.LocalDateTime as reading converter although it doesn't convert from a store-supported type! You might wanna check you annotation setup at the converter implementation.
2023-02-20 23:43:27.516 [restartedMain] WARN  o.s.b.d.autoconfigure.OptionalLiveReloadServer - Unable to start LiveReload server
2023-02-20 23:43:27.529 [restartedMain] WARN  o.s.d.m.c.index.MongoPersistentEntityIndexCreator - Automatic index creation will be disabled by default as of Spring Data MongoDB 3.x.
	Please use 'MongoMappingContext#setAutoIndexCreation(boolean)' or override 'MongoConfigurationSupport#autoIndexCreation()' to be explicit.
	However, we recommend setting up indices manually in an application ready block. You may use index derivation there as well.

	> -----------------------------------------------------------------------------------------
	> @EventListener(ApplicationReadyEvent.class)
	> public void initIndicesAfterStartup() {
	>
	>     IndexOperations indexOps = mongoTemplate.indexOps(DomainType.class);
	>
	>     IndexResolver resolver = new MongoPersistentEntityIndexResolver(mongoMappingContext);
	>     resolver.resolveIndexFor(DomainType.class).forEach(indexOps::ensureIndex);
	> }
	> -----------------------------------------------------------------------------------------

