2023-02-16 00:22:13.754 [http-nio-8201-exec-3] WARN  o.s.w.s.m.m.a.ExceptionHandlerExceptionResolver - Resolved [org.springframework.web.method.annotation.MethodArgumentTypeMismatchException: Failed to convert value of type 'java.lang.String' to required type 'java.lang.Long'; nested exception is java.lang.NumberFormatException: For input string: "undefined"]
2023-02-16 00:22:19.050 [http-nio-8201-exec-6] WARN  o.s.w.s.m.m.a.ExceptionHandlerExceptionResolver - Resolved [org.springframework.web.method.annotation.MethodArgumentTypeMismatchException: Failed to convert value of type 'java.lang.String' to required type 'java.lang.Long'; nested exception is java.lang.NumberFormatException: For input string: "undefined"]
2023-02-16 01:35:23.856 [http-nio-8201-exec-4] WARN  o.s.w.s.m.m.a.ExceptionHandlerExceptionResolver - Resolved [org.springframework.dao.DuplicateKeyException: 
### Error updating database.  Cause: java.sql.SQLIntegrityConstraintViolationException: Duplicate entry '1' for key 'hospital_set.PRIMARY'
### The error may exist in com/chy/yygh/hosp/mapper/HospitalSetMapper.java (best guess)
### The error may involve com.chy.yygh.hosp.mapper.HospitalSetMapper.insert-Inline
### The error occurred while setting parameters
### SQL: INSERT INTO hospital_set  ( id, hosname, hoscode, api_url, sign_key, contacts_name, contacts_phone, status, create_time, update_time, is_deleted )  VALUES  ( ?, ?, ?, ?, ?, ?, ?, ?, ?, ?, ? )
### Cause: java.sql.SQLIntegrityConstraintViolationException: Duplicate entry '1' for key 'hospital_set.PRIMARY'
; Duplicate entry '1' for key 'hospital_set.PRIMARY'; nested exception is java.sql.SQLIntegrityConstraintViolationException: Duplicate entry '1' for key 'hospital_set.PRIMARY']
2023-02-16 01:35:25.120 [http-nio-8201-exec-5] WARN  o.s.w.s.m.m.a.ExceptionHandlerExceptionResolver - Resolved [org.springframework.dao.DuplicateKeyException: 
### Error updating database.  Cause: java.sql.SQLIntegrityConstraintViolationException: Duplicate entry '1' for key 'hospital_set.PRIMARY'
### The error may exist in com/chy/yygh/hosp/mapper/HospitalSetMapper.java (best guess)
### The error may involve com.chy.yygh.hosp.mapper.HospitalSetMapper.insert-Inline
### The error occurred while setting parameters
### SQL: INSERT INTO hospital_set  ( id, hosname, hoscode, api_url, sign_key, contacts_name, contacts_phone, status, create_time, update_time, is_deleted )  VALUES  ( ?, ?, ?, ?, ?, ?, ?, ?, ?, ?, ? )
### Cause: java.sql.SQLIntegrityConstraintViolationException: Duplicate entry '1' for key 'hospital_set.PRIMARY'
; Duplicate entry '1' for key 'hospital_set.PRIMARY'; nested exception is java.sql.SQLIntegrityConstraintViolationException: Duplicate entry '1' for key 'hospital_set.PRIMARY']
2023-02-16 21:40:47.958 [background-preinit] WARN  o.s.h.converter.json.Jackson2ObjectMapperBuilder - For Jackson Kotlin classes support please add "com.fasterxml.jackson.module:jackson-module-kotlin" to the classpath
2023-02-16 21:42:07.160 [background-preinit] WARN  o.s.h.converter.json.Jackson2ObjectMapperBuilder - For Jackson Kotlin classes support please add "com.fasterxml.jackson.module:jackson-module-kotlin" to the classpath
